2023-03-15 22:00:49,679{GMT}	INFO	[jepsen test runner] jepsen.core: Command line:
lein run test -w echo --bin /Users/silicon/go/bin/maelstrom-echo --node-count 1 --time-limit 10
2023-03-15 22:00:49,726{GMT}	INFO	[jepsen test runner] jepsen.core: Running test:
{:args []
 :remote
 #jepsen.control.retry.Remote{:remote #jepsen.control.scp.Remote{:cmd-remote #jepsen.control.sshj.SSHJRemote{:concurrency-limit 6,
                                                                                                             :conn-spec nil,
                                                                                                             :client nil,
                                                                                                             :semaphore nil},
                                                                 :conn-spec nil},
                              :conn nil}
 :log-net-send false
 :node-count 1
 :availability nil
 :max-txn-length 4
 :concurrency 1
 :db
 #object[maelstrom.db$db$reify__16142
         "0x40941b54"
         "maelstrom.db$db$reify__16142@40941b54"]
 :max-writes-per-key 16
 :leave-db-running? false
 :name "echo"
 :logging-json? false
 :start-time
 #object[org.joda.time.DateTime "0x49e3b86b" "2023-03-15T22:00:49.660-07:00"]
 :nemesis-interval 10
 :net
 #object[maelstrom.net$jepsen_net$reify__15251
         "0x64b262a7"
         "maelstrom.net$jepsen_net$reify__15251@64b262a7"]
 :client
 #object[maelstrom.workload.echo$client$reify__16863
         "0x771c4015"
         "maelstrom.workload.echo$client$reify__16863@771c4015"]
 :barrier
 #object[java.util.concurrent.CyclicBarrier
         "0x34d776eb"
         "java.util.concurrent.CyclicBarrier@34d776eb"]
 :log-stderr false
 :pure-generators true
 :ssh {:dummy? true}
 :rate 5
 :checker
 #object[jepsen.checker$compose$reify__11881
         "0x60a3a0fa"
         "jepsen.checker$compose$reify__11881@60a3a0fa"]
 :argv
 ("test"
  "-w"
  "echo"
  "--bin"
  "/Users/silicon/go/bin/maelstrom-echo"
  "--node-count"
  "1"
  "--time-limit"
  "10")
 :nemesis
 (jepsen.nemesis.ReflCompose
  {:fm {:start-partition 0,
        :stop-partition 0,
        :kill 1,
        :start 1,
        :pause 1,
        :resume 1},
   :nemeses [#unprintable "jepsen.nemesis.combined$partition_nemesis$reify__16416@17734113"
             #unprintable "jepsen.nemesis.combined$db_nemesis$reify__16397@27aa700"]})
 :nodes ["n0"]
 :test-count 1
 :latency {:mean 0, :dist :constant}
 :bin "/Users/silicon/go/bin/maelstrom-echo"
 :generator
 (jepsen.generator.TimeLimit
  {:limit 10000000000,
   :cutoff nil,
   :gen (jepsen.generator.Any
         {:gens [(jepsen.generator.OnThreads
                  {:f #{:nemesis},
                   :context-filter #object[jepsen.generator.context$make_thread_filter$lazy_filter__9167
                                           "0x61fb3dae"
                                           "jepsen.generator.context$make_thread_filter$lazy_filter__9167@61fb3dae"],
                   :gen nil})
                 (jepsen.generator.OnThreads
                  {:f #jepsen.generator.context.AllBut{:element :nemesis},
                   :context-filter #object[jepsen.generator.context$make_thread_filter$lazy_filter__9167
                                           "0x9c88323"
                                           "jepsen.generator.context$make_thread_filter$lazy_filter__9167@9c88323"],
                   :gen (jepsen.generator.Stagger
                         {:dt 400000000,
                          :next-time nil,
                          :gen (jepsen.generator.EachThread
                                {:fresh-gen #object[maelstrom.workload.echo$workload$fn__16882
                                                    "0x6d4bdb75"
                                                    "maelstrom.workload.echo$workload$fn__16882@6d4bdb75"],
                                 :context-filters #object[clojure.core$promise$reify__8591
                                                          "0x1dc47df3"
                                                          {:status :pending,
                                                           :val nil}],
                                 :gens {}})})})]})})
 :log-net-recv false
 :os
 #object[maelstrom.net$jepsen_os$reify__15254
         "0x256a25a8"
         "maelstrom.net$jepsen_os$reify__15254@256a25a8"]
 :time-limit 10
 :workload :echo
 :consistency-models [:strict-serializable]
 :topology :grid}

2023-03-15 22:00:50,636{GMT}	INFO	[jepsen node n0] maelstrom.net: Starting Maelstrom network
2023-03-15 22:00:50,637{GMT}	INFO	[jepsen test runner] jepsen.db: Tearing down DB
2023-03-15 22:00:50,637{GMT}	INFO	[jepsen test runner] jepsen.db: Setting up DB
2023-03-15 22:00:50,639{GMT}	INFO	[jepsen node n0] maelstrom.service: Starting services: (lin-kv lin-tso lww-kv seq-kv)
2023-03-15 22:00:50,640{GMT}	INFO	[jepsen node n0] maelstrom.db: Setting up n0
2023-03-15 22:00:50,640{GMT}	INFO	[jepsen node n0] maelstrom.process: launching /Users/silicon/go/bin/maelstrom-echo []
2023-03-15 22:00:50,846{GMT}	INFO	[jepsen test runner] jepsen.core: Relative time begins now
2023-03-15 22:00:50,858{GMT}	INFO	[jepsen worker 0] jepsen.util: 0	:invoke	:echo	"Please echo 30"
2023-03-15 22:00:50,871{GMT}	WARN	[jepsen worker 0] jepsen.generator.interpreter: Process 0 crashed
clojure.lang.ExceptionInfo: Malformed RPC response. Maelstrom sent node n0 the following request:

{:echo "Please echo 30", :type "echo", :msg_id 1}

And expected a response of the form:

{:type (eq "echo_ok"), :echo Any, {:k :msg_id} Int, :in_reply_to Int}

... but instead received

{:echo "Please echo 30", :in_reply_to 1, :msg_id 1, :type "echo"}

This is malformed because:

{:type (not (= "echo_ok" "echo"))}

See doc/protocol.md for more guidance.
	at slingshot.support$stack_trace.invoke(support.clj:201)
	at maelstrom.client$check_body.invokeStatic(client.clj:188)
	at maelstrom.client$check_body.invoke(client.clj:181)
	at maelstrom.workload.echo$fn__16852$echo_BANG___16853.invoke(echo.clj:15)
	at maelstrom.workload.echo$fn__16852$echo_BANG___16853.invoke(echo.clj:15)
	at maelstrom.workload.echo$client$reify__16863.invoke_BANG_(echo.clj:36)
	at jepsen.client.Validate.invoke_BANG_(client.clj:83)
	at jepsen.generator.interpreter.ClientWorker.invoke_BANG_(interpreter.clj:65)
	at jepsen.generator.interpreter$spawn_worker$fn__12908$fn__12909.invoke(interpreter.clj:140)
	at jepsen.generator.interpreter$spawn_worker$fn__12908.invoke(interpreter.clj:123)
	at clojure.core$binding_conveyor_fn$fn__5823.invoke(core.clj:2047)
	at clojure.lang.AFn.call(AFn.java:18)
	at java.base/java.util.concurrent.FutureTask.run(FutureTask.java:317)
	at java.base/java.util.concurrent.ThreadPoolExecutor.runWorker(ThreadPoolExecutor.java:1144)
	at java.base/java.util.concurrent.ThreadPoolExecutor$Worker.run(ThreadPoolExecutor.java:642)
	at java.base/java.lang.Thread.run(Thread.java:1589)
2023-03-15 22:00:51,238{GMT}	INFO	[jepsen worker 0] jepsen.util: 1	:invoke	:echo	"Please echo 38"
2023-03-15 22:00:51,248{GMT}	WARN	[jepsen worker 0] jepsen.generator.interpreter: Process 1 crashed
clojure.lang.ExceptionInfo: Malformed RPC response. Maelstrom sent node n0 the following request:

{:echo "Please echo 38", :type "echo", :msg_id 1}

And expected a response of the form:

{:type (eq "echo_ok"), :echo Any, {:k :msg_id} Int, :in_reply_to Int}

... but instead received

{:echo "Please echo 38", :in_reply_to 1, :msg_id 1, :type "echo"}

This is malformed because:

{:type (not (= "echo_ok" "echo"))}

See doc/protocol.md for more guidance.
	at slingshot.support$stack_trace.invoke(support.clj:201)
	at maelstrom.client$check_body.invokeStatic(client.clj:188)
	at maelstrom.client$check_body.invoke(client.clj:181)
	at maelstrom.workload.echo$fn__16852$echo_BANG___16853.invoke(echo.clj:15)
	at maelstrom.workload.echo$fn__16852$echo_BANG___16853.invoke(echo.clj:15)
	at maelstrom.workload.echo$client$reify__16863.invoke_BANG_(echo.clj:36)
	at jepsen.client.Validate.invoke_BANG_(client.clj:83)
	at jepsen.generator.interpreter.ClientWorker.invoke_BANG_(interpreter.clj:65)
	at jepsen.generator.interpreter$spawn_worker$fn__12908$fn__12909.invoke(interpreter.clj:140)
	at jepsen.generator.interpreter$spawn_worker$fn__12908.invoke(interpreter.clj:123)
	at clojure.core$binding_conveyor_fn$fn__5823.invoke(core.clj:2047)
	at clojure.lang.AFn.call(AFn.java:18)
	at java.base/java.util.concurrent.FutureTask.run(FutureTask.java:317)
	at java.base/java.util.concurrent.ThreadPoolExecutor.runWorker(ThreadPoolExecutor.java:1144)
	at java.base/java.util.concurrent.ThreadPoolExecutor$Worker.run(ThreadPoolExecutor.java:642)
	at java.base/java.lang.Thread.run(Thread.java:1589)
2023-03-15 22:00:51,551{GMT}	INFO	[jepsen worker 0] jepsen.util: 2	:invoke	:echo	"Please echo 100"
2023-03-15 22:00:51,565{GMT}	WARN	[jepsen worker 0] jepsen.generator.interpreter: Process 2 crashed
clojure.lang.ExceptionInfo: Malformed RPC response. Maelstrom sent node n0 the following request:

{:echo "Please echo 100", :type "echo", :msg_id 1}

And expected a response of the form:

{:type (eq "echo_ok"), :echo Any, {:k :msg_id} Int, :in_reply_to Int}

... but instead received

{:echo "Please echo 100", :in_reply_to 1, :msg_id 1, :type "echo"}

This is malformed because:

{:type (not (= "echo_ok" "echo"))}

See doc/protocol.md for more guidance.
	at slingshot.support$stack_trace.invoke(support.clj:201)
	at maelstrom.client$check_body.invokeStatic(client.clj:188)
	at maelstrom.client$check_body.invoke(client.clj:181)
	at maelstrom.workload.echo$fn__16852$echo_BANG___16853.invoke(echo.clj:15)
	at maelstrom.workload.echo$fn__16852$echo_BANG___16853.invoke(echo.clj:15)
	at maelstrom.workload.echo$client$reify__16863.invoke_BANG_(echo.clj:36)
	at jepsen.client.Validate.invoke_BANG_(client.clj:83)
	at jepsen.generator.interpreter.ClientWorker.invoke_BANG_(interpreter.clj:65)
	at jepsen.generator.interpreter$spawn_worker$fn__12908$fn__12909.invoke(interpreter.clj:140)
	at jepsen.generator.interpreter$spawn_worker$fn__12908.invoke(interpreter.clj:123)
	at clojure.core$binding_conveyor_fn$fn__5823.invoke(core.clj:2047)
	at clojure.lang.AFn.call(AFn.java:18)
	at java.base/java.util.concurrent.FutureTask.run(FutureTask.java:317)
	at java.base/java.util.concurrent.ThreadPoolExecutor.runWorker(ThreadPoolExecutor.java:1144)
	at java.base/java.util.concurrent.ThreadPoolExecutor$Worker.run(ThreadPoolExecutor.java:642)
	at java.base/java.lang.Thread.run(Thread.java:1589)
2023-03-15 22:00:51,895{GMT}	INFO	[jepsen worker 0] jepsen.util: 3	:invoke	:echo	"Please echo 96"
2023-03-15 22:00:51,907{GMT}	WARN	[jepsen worker 0] jepsen.generator.interpreter: Process 3 crashed
clojure.lang.ExceptionInfo: Malformed RPC response. Maelstrom sent node n0 the following request:

{:echo "Please echo 96", :type "echo", :msg_id 1}

And expected a response of the form:

{:type (eq "echo_ok"), :echo Any, {:k :msg_id} Int, :in_reply_to Int}

... but instead received

{:echo "Please echo 96", :in_reply_to 1, :msg_id 1, :type "echo"}

This is malformed because:

{:type (not (= "echo_ok" "echo"))}

See doc/protocol.md for more guidance.
	at slingshot.support$stack_trace.invoke(support.clj:201)
	at maelstrom.client$check_body.invokeStatic(client.clj:188)
	at maelstrom.client$check_body.invoke(client.clj:181)
	at maelstrom.workload.echo$fn__16852$echo_BANG___16853.invoke(echo.clj:15)
	at maelstrom.workload.echo$fn__16852$echo_BANG___16853.invoke(echo.clj:15)
	at maelstrom.workload.echo$client$reify__16863.invoke_BANG_(echo.clj:36)
	at jepsen.client.Validate.invoke_BANG_(client.clj:83)
	at jepsen.generator.interpreter.ClientWorker.invoke_BANG_(interpreter.clj:65)
	at jepsen.generator.interpreter$spawn_worker$fn__12908$fn__12909.invoke(interpreter.clj:140)
	at jepsen.generator.interpreter$spawn_worker$fn__12908.invoke(interpreter.clj:123)
	at clojure.core$binding_conveyor_fn$fn__5823.invoke(core.clj:2047)
	at clojure.lang.AFn.call(AFn.java:18)
	at java.base/java.util.concurrent.FutureTask.run(FutureTask.java:317)
	at java.base/java.util.concurrent.ThreadPoolExecutor.runWorker(ThreadPoolExecutor.java:1144)
	at java.base/java.util.concurrent.ThreadPoolExecutor$Worker.run(ThreadPoolExecutor.java:642)
	at java.base/java.lang.Thread.run(Thread.java:1589)
2023-03-15 22:00:52,173{GMT}	INFO	[jepsen worker 0] jepsen.util: 4	:invoke	:echo	"Please echo 117"
2023-03-15 22:00:52,184{GMT}	WARN	[jepsen worker 0] jepsen.generator.interpreter: Process 4 crashed
clojure.lang.ExceptionInfo: Malformed RPC response. Maelstrom sent node n0 the following request:

{:echo "Please echo 117", :type "echo", :msg_id 1}

And expected a response of the form:

{:type (eq "echo_ok"), :echo Any, {:k :msg_id} Int, :in_reply_to Int}

... but instead received

{:echo "Please echo 117", :in_reply_to 1, :msg_id 1, :type "echo"}

This is malformed because:

{:type (not (= "echo_ok" "echo"))}

See doc/protocol.md for more guidance.
	at slingshot.support$stack_trace.invoke(support.clj:201)
	at maelstrom.client$check_body.invokeStatic(client.clj:188)
	at maelstrom.client$check_body.invoke(client.clj:181)
	at maelstrom.workload.echo$fn__16852$echo_BANG___16853.invoke(echo.clj:15)
	at maelstrom.workload.echo$fn__16852$echo_BANG___16853.invoke(echo.clj:15)
	at maelstrom.workload.echo$client$reify__16863.invoke_BANG_(echo.clj:36)
	at jepsen.client.Validate.invoke_BANG_(client.clj:83)
	at jepsen.generator.interpreter.ClientWorker.invoke_BANG_(interpreter.clj:65)
	at jepsen.generator.interpreter$spawn_worker$fn__12908$fn__12909.invoke(interpreter.clj:140)
	at jepsen.generator.interpreter$spawn_worker$fn__12908.invoke(interpreter.clj:123)
	at clojure.core$binding_conveyor_fn$fn__5823.invoke(core.clj:2047)
	at clojure.lang.AFn.call(AFn.java:18)
	at java.base/java.util.concurrent.FutureTask.run(FutureTask.java:317)
	at java.base/java.util.concurrent.ThreadPoolExecutor.runWorker(ThreadPoolExecutor.java:1144)
	at java.base/java.util.concurrent.ThreadPoolExecutor$Worker.run(ThreadPoolExecutor.java:642)
	at java.base/java.lang.Thread.run(Thread.java:1589)
2023-03-15 22:00:52,547{GMT}	INFO	[jepsen worker 0] jepsen.util: 5	:invoke	:echo	"Please echo 65"
2023-03-15 22:00:52,554{GMT}	WARN	[jepsen worker 0] jepsen.generator.interpreter: Process 5 crashed
clojure.lang.ExceptionInfo: Malformed RPC response. Maelstrom sent node n0 the following request:

{:echo "Please echo 65", :type "echo", :msg_id 1}

And expected a response of the form:

{:type (eq "echo_ok"), :echo Any, {:k :msg_id} Int, :in_reply_to Int}

... but instead received

{:echo "Please echo 65", :in_reply_to 1, :msg_id 1, :type "echo"}

This is malformed because:

{:type (not (= "echo_ok" "echo"))}

See doc/protocol.md for more guidance.
	at slingshot.support$stack_trace.invoke(support.clj:201)
	at maelstrom.client$check_body.invokeStatic(client.clj:188)
	at maelstrom.client$check_body.invoke(client.clj:181)
	at maelstrom.workload.echo$fn__16852$echo_BANG___16853.invoke(echo.clj:15)
	at maelstrom.workload.echo$fn__16852$echo_BANG___16853.invoke(echo.clj:15)
	at maelstrom.workload.echo$client$reify__16863.invoke_BANG_(echo.clj:36)
	at jepsen.client.Validate.invoke_BANG_(client.clj:83)
	at jepsen.generator.interpreter.ClientWorker.invoke_BANG_(interpreter.clj:65)
	at jepsen.generator.interpreter$spawn_worker$fn__12908$fn__12909.invoke(interpreter.clj:140)
	at jepsen.generator.interpreter$spawn_worker$fn__12908.invoke(interpreter.clj:123)
	at clojure.core$binding_conveyor_fn$fn__5823.invoke(core.clj:2047)
	at clojure.lang.AFn.call(AFn.java:18)
	at java.base/java.util.concurrent.FutureTask.run(FutureTask.java:317)
	at java.base/java.util.concurrent.ThreadPoolExecutor.runWorker(ThreadPoolExecutor.java:1144)
	at java.base/java.util.concurrent.ThreadPoolExecutor$Worker.run(ThreadPoolExecutor.java:642)
	at java.base/java.lang.Thread.run(Thread.java:1589)
2023-03-15 22:00:52,733{GMT}	INFO	[jepsen worker 0] jepsen.util: 6	:invoke	:echo	"Please echo 95"
2023-03-15 22:00:52,741{GMT}	WARN	[jepsen worker 0] jepsen.generator.interpreter: Process 6 crashed
clojure.lang.ExceptionInfo: Malformed RPC response. Maelstrom sent node n0 the following request:

{:echo "Please echo 95", :type "echo", :msg_id 1}

And expected a response of the form:

{:type (eq "echo_ok"), :echo Any, {:k :msg_id} Int, :in_reply_to Int}

... but instead received

{:echo "Please echo 95", :in_reply_to 1, :msg_id 1, :type "echo"}

This is malformed because:

{:type (not (= "echo_ok" "echo"))}

See doc/protocol.md for more guidance.
	at slingshot.support$stack_trace.invoke(support.clj:201)
	at maelstrom.client$check_body.invokeStatic(client.clj:188)
	at maelstrom.client$check_body.invoke(client.clj:181)
	at maelstrom.workload.echo$fn__16852$echo_BANG___16853.invoke(echo.clj:15)
	at maelstrom.workload.echo$fn__16852$echo_BANG___16853.invoke(echo.clj:15)
	at maelstrom.workload.echo$client$reify__16863.invoke_BANG_(echo.clj:36)
	at jepsen.client.Validate.invoke_BANG_(client.clj:83)
	at jepsen.generator.interpreter.ClientWorker.invoke_BANG_(interpreter.clj:65)
	at jepsen.generator.interpreter$spawn_worker$fn__12908$fn__12909.invoke(interpreter.clj:140)
	at jepsen.generator.interpreter$spawn_worker$fn__12908.invoke(interpreter.clj:123)
	at clojure.core$binding_conveyor_fn$fn__5823.invoke(core.clj:2047)
	at clojure.lang.AFn.call(AFn.java:18)
	at java.base/java.util.concurrent.FutureTask.run(FutureTask.java:317)
	at java.base/java.util.concurrent.ThreadPoolExecutor.runWorker(ThreadPoolExecutor.java:1144)
	at java.base/java.util.concurrent.ThreadPoolExecutor$Worker.run(ThreadPoolExecutor.java:642)
	at java.base/java.lang.Thread.run(Thread.java:1589)
2023-03-15 22:00:52,859{GMT}	INFO	[jepsen worker 0] jepsen.util: 7	:invoke	:echo	"Please echo 127"
2023-03-15 22:00:52,867{GMT}	WARN	[jepsen worker 0] jepsen.generator.interpreter: Process 7 crashed
clojure.lang.ExceptionInfo: Malformed RPC response. Maelstrom sent node n0 the following request:

{:echo "Please echo 127", :type "echo", :msg_id 1}

And expected a response of the form:

{:type (eq "echo_ok"), :echo Any, {:k :msg_id} Int, :in_reply_to Int}

... but instead received

{:echo "Please echo 127", :in_reply_to 1, :msg_id 1, :type "echo"}

This is malformed because:

{:type (not (= "echo_ok" "echo"))}

See doc/protocol.md for more guidance.
	at slingshot.support$stack_trace.invoke(support.clj:201)
	at maelstrom.client$check_body.invokeStatic(client.clj:188)
	at maelstrom.client$check_body.invoke(client.clj:181)
	at maelstrom.workload.echo$fn__16852$echo_BANG___16853.invoke(echo.clj:15)
	at maelstrom.workload.echo$fn__16852$echo_BANG___16853.invoke(echo.clj:15)
	at maelstrom.workload.echo$client$reify__16863.invoke_BANG_(echo.clj:36)
	at jepsen.client.Validate.invoke_BANG_(client.clj:83)
	at jepsen.generator.interpreter.ClientWorker.invoke_BANG_(interpreter.clj:65)
	at jepsen.generator.interpreter$spawn_worker$fn__12908$fn__12909.invoke(interpreter.clj:140)
	at jepsen.generator.interpreter$spawn_worker$fn__12908.invoke(interpreter.clj:123)
	at clojure.core$binding_conveyor_fn$fn__5823.invoke(core.clj:2047)
	at clojure.lang.AFn.call(AFn.java:18)
	at java.base/java.util.concurrent.FutureTask.run(FutureTask.java:317)
	at java.base/java.util.concurrent.ThreadPoolExecutor.runWorker(ThreadPoolExecutor.java:1144)
	at java.base/java.util.concurrent.ThreadPoolExecutor$Worker.run(ThreadPoolExecutor.java:642)
	at java.base/java.lang.Thread.run(Thread.java:1589)
2023-03-15 22:00:53,261{GMT}	INFO	[jepsen worker 0] jepsen.util: 8	:invoke	:echo	"Please echo 62"
2023-03-15 22:00:53,273{GMT}	WARN	[jepsen worker 0] jepsen.generator.interpreter: Process 8 crashed
clojure.lang.ExceptionInfo: Malformed RPC response. Maelstrom sent node n0 the following request:

{:echo "Please echo 62", :type "echo", :msg_id 1}

And expected a response of the form:

{:type (eq "echo_ok"), :echo Any, {:k :msg_id} Int, :in_reply_to Int}

... but instead received

{:echo "Please echo 62", :in_reply_to 1, :msg_id 1, :type "echo"}

This is malformed because:

{:type (not (= "echo_ok" "echo"))}

See doc/protocol.md for more guidance.
	at slingshot.support$stack_trace.invoke(support.clj:201)
	at maelstrom.client$check_body.invokeStatic(client.clj:188)
	at maelstrom.client$check_body.invoke(client.clj:181)
	at maelstrom.workload.echo$fn__16852$echo_BANG___16853.invoke(echo.clj:15)
	at maelstrom.workload.echo$fn__16852$echo_BANG___16853.invoke(echo.clj:15)
	at maelstrom.workload.echo$client$reify__16863.invoke_BANG_(echo.clj:36)
	at jepsen.client.Validate.invoke_BANG_(client.clj:83)
	at jepsen.generator.interpreter.ClientWorker.invoke_BANG_(interpreter.clj:65)
	at jepsen.generator.interpreter$spawn_worker$fn__12908$fn__12909.invoke(interpreter.clj:140)
	at jepsen.generator.interpreter$spawn_worker$fn__12908.invoke(interpreter.clj:123)
	at clojure.core$binding_conveyor_fn$fn__5823.invoke(core.clj:2047)
	at clojure.lang.AFn.call(AFn.java:18)
	at java.base/java.util.concurrent.FutureTask.run(FutureTask.java:317)
	at java.base/java.util.concurrent.ThreadPoolExecutor.runWorker(ThreadPoolExecutor.java:1144)
	at java.base/java.util.concurrent.ThreadPoolExecutor$Worker.run(ThreadPoolExecutor.java:642)
	at java.base/java.lang.Thread.run(Thread.java:1589)
2023-03-15 22:00:53,425{GMT}	INFO	[jepsen worker 0] jepsen.util: 9	:invoke	:echo	"Please echo 45"
2023-03-15 22:00:53,437{GMT}	WARN	[jepsen worker 0] jepsen.generator.interpreter: Process 9 crashed
clojure.lang.ExceptionInfo: Malformed RPC response. Maelstrom sent node n0 the following request:

{:echo "Please echo 45", :type "echo", :msg_id 1}

And expected a response of the form:

{:type (eq "echo_ok"), :echo Any, {:k :msg_id} Int, :in_reply_to Int}

... but instead received

{:echo "Please echo 45", :in_reply_to 1, :msg_id 1, :type "echo"}

This is malformed because:

{:type (not (= "echo_ok" "echo"))}

See doc/protocol.md for more guidance.
	at slingshot.support$stack_trace.invoke(support.clj:201)
	at maelstrom.client$check_body.invokeStatic(client.clj:188)
	at maelstrom.client$check_body.invoke(client.clj:181)
	at maelstrom.workload.echo$fn__16852$echo_BANG___16853.invoke(echo.clj:15)
	at maelstrom.workload.echo$fn__16852$echo_BANG___16853.invoke(echo.clj:15)
	at maelstrom.workload.echo$client$reify__16863.invoke_BANG_(echo.clj:36)
	at jepsen.client.Validate.invoke_BANG_(client.clj:83)
	at jepsen.generator.interpreter.ClientWorker.invoke_BANG_(interpreter.clj:65)
	at jepsen.generator.interpreter$spawn_worker$fn__12908$fn__12909.invoke(interpreter.clj:140)
	at jepsen.generator.interpreter$spawn_worker$fn__12908.invoke(interpreter.clj:123)
	at clojure.core$binding_conveyor_fn$fn__5823.invoke(core.clj:2047)
	at clojure.lang.AFn.call(AFn.java:18)
	at java.base/java.util.concurrent.FutureTask.run(FutureTask.java:317)
	at java.base/java.util.concurrent.ThreadPoolExecutor.runWorker(ThreadPoolExecutor.java:1144)
	at java.base/java.util.concurrent.ThreadPoolExecutor$Worker.run(ThreadPoolExecutor.java:642)
	at java.base/java.lang.Thread.run(Thread.java:1589)
2023-03-15 22:00:53,544{GMT}	INFO	[jepsen worker 0] jepsen.util: 10	:invoke	:echo	"Please echo 21"
2023-03-15 22:00:53,549{GMT}	WARN	[jepsen worker 0] jepsen.generator.interpreter: Process 10 crashed
clojure.lang.ExceptionInfo: Malformed RPC response. Maelstrom sent node n0 the following request:

{:echo "Please echo 21", :type "echo", :msg_id 1}

And expected a response of the form:

{:type (eq "echo_ok"), :echo Any, {:k :msg_id} Int, :in_reply_to Int}

... but instead received

{:echo "Please echo 21", :in_reply_to 1, :msg_id 1, :type "echo"}

This is malformed because:

{:type (not (= "echo_ok" "echo"))}

See doc/protocol.md for more guidance.
	at slingshot.support$stack_trace.invoke(support.clj:201)
	at maelstrom.client$check_body.invokeStatic(client.clj:188)
	at maelstrom.client$check_body.invoke(client.clj:181)
	at maelstrom.workload.echo$fn__16852$echo_BANG___16853.invoke(echo.clj:15)
	at maelstrom.workload.echo$fn__16852$echo_BANG___16853.invoke(echo.clj:15)
	at maelstrom.workload.echo$client$reify__16863.invoke_BANG_(echo.clj:36)
	at jepsen.client.Validate.invoke_BANG_(client.clj:83)
	at jepsen.generator.interpreter.ClientWorker.invoke_BANG_(interpreter.clj:65)
	at jepsen.generator.interpreter$spawn_worker$fn__12908$fn__12909.invoke(interpreter.clj:140)
	at jepsen.generator.interpreter$spawn_worker$fn__12908.invoke(interpreter.clj:123)
	at clojure.core$binding_conveyor_fn$fn__5823.invoke(core.clj:2047)
	at clojure.lang.AFn.call(AFn.java:18)
	at java.base/java.util.concurrent.FutureTask.run(FutureTask.java:317)
	at java.base/java.util.concurrent.ThreadPoolExecutor.runWorker(ThreadPoolExecutor.java:1144)
	at java.base/java.util.concurrent.ThreadPoolExecutor$Worker.run(ThreadPoolExecutor.java:642)
	at java.base/java.lang.Thread.run(Thread.java:1589)
2023-03-15 22:00:53,892{GMT}	INFO	[jepsen worker 0] jepsen.util: 11	:invoke	:echo	"Please echo 59"
2023-03-15 22:00:53,902{GMT}	WARN	[jepsen worker 0] jepsen.generator.interpreter: Process 11 crashed
clojure.lang.ExceptionInfo: Malformed RPC response. Maelstrom sent node n0 the following request:

{:echo "Please echo 59", :type "echo", :msg_id 1}

And expected a response of the form:

{:type (eq "echo_ok"), :echo Any, {:k :msg_id} Int, :in_reply_to Int}

... but instead received

{:echo "Please echo 59", :in_reply_to 1, :msg_id 1, :type "echo"}

This is malformed because:

{:type (not (= "echo_ok" "echo"))}

See doc/protocol.md for more guidance.
	at slingshot.support$stack_trace.invoke(support.clj:201)
	at maelstrom.client$check_body.invokeStatic(client.clj:188)
	at maelstrom.client$check_body.invoke(client.clj:181)
	at maelstrom.workload.echo$fn__16852$echo_BANG___16853.invoke(echo.clj:15)
	at maelstrom.workload.echo$fn__16852$echo_BANG___16853.invoke(echo.clj:15)
	at maelstrom.workload.echo$client$reify__16863.invoke_BANG_(echo.clj:36)
	at jepsen.client.Validate.invoke_BANG_(client.clj:83)
	at jepsen.generator.interpreter.ClientWorker.invoke_BANG_(interpreter.clj:65)
	at jepsen.generator.interpreter$spawn_worker$fn__12908$fn__12909.invoke(interpreter.clj:140)
	at jepsen.generator.interpreter$spawn_worker$fn__12908.invoke(interpreter.clj:123)
	at clojure.core$binding_conveyor_fn$fn__5823.invoke(core.clj:2047)
	at clojure.lang.AFn.call(AFn.java:18)
	at java.base/java.util.concurrent.FutureTask.run(FutureTask.java:317)
	at java.base/java.util.concurrent.ThreadPoolExecutor.runWorker(ThreadPoolExecutor.java:1144)
	at java.base/java.util.concurrent.ThreadPoolExecutor$Worker.run(ThreadPoolExecutor.java:642)
	at java.base/java.lang.Thread.run(Thread.java:1589)
2023-03-15 22:00:53,988{GMT}	INFO	[jepsen worker 0] jepsen.util: 12	:invoke	:echo	"Please echo 87"
2023-03-15 22:00:53,994{GMT}	WARN	[jepsen worker 0] jepsen.generator.interpreter: Process 12 crashed
clojure.lang.ExceptionInfo: Malformed RPC response. Maelstrom sent node n0 the following request:

{:echo "Please echo 87", :type "echo", :msg_id 1}

And expected a response of the form:

{:type (eq "echo_ok"), :echo Any, {:k :msg_id} Int, :in_reply_to Int}

... but instead received

{:echo "Please echo 87", :in_reply_to 1, :msg_id 1, :type "echo"}

This is malformed because:

{:type (not (= "echo_ok" "echo"))}

See doc/protocol.md for more guidance.
	at slingshot.support$stack_trace.invoke(support.clj:201)
	at maelstrom.client$check_body.invokeStatic(client.clj:188)
	at maelstrom.client$check_body.invoke(client.clj:181)
	at maelstrom.workload.echo$fn__16852$echo_BANG___16853.invoke(echo.clj:15)
	at maelstrom.workload.echo$fn__16852$echo_BANG___16853.invoke(echo.clj:15)
	at maelstrom.workload.echo$client$reify__16863.invoke_BANG_(echo.clj:36)
	at jepsen.client.Validate.invoke_BANG_(client.clj:83)
	at jepsen.generator.interpreter.ClientWorker.invoke_BANG_(interpreter.clj:65)
	at jepsen.generator.interpreter$spawn_worker$fn__12908$fn__12909.invoke(interpreter.clj:140)
	at jepsen.generator.interpreter$spawn_worker$fn__12908.invoke(interpreter.clj:123)
	at clojure.core$binding_conveyor_fn$fn__5823.invoke(core.clj:2047)
	at clojure.lang.AFn.call(AFn.java:18)
	at java.base/java.util.concurrent.FutureTask.run(FutureTask.java:317)
	at java.base/java.util.concurrent.ThreadPoolExecutor.runWorker(ThreadPoolExecutor.java:1144)
	at java.base/java.util.concurrent.ThreadPoolExecutor$Worker.run(ThreadPoolExecutor.java:642)
	at java.base/java.lang.Thread.run(Thread.java:1589)
2023-03-15 22:00:54,228{GMT}	INFO	[Jepsen shutdown hook] jepsen.core: Downloading DB logs before JVM shutdown...
