2023-03-16 00:19:01,064{GMT}	INFO	[jepsen test runner] jepsen.core: Command line:
lein run test -w broadcast --bin /Users/silicon/go/bin/maelstrom-broadcast --node-count 1 --time-limit 20 --rate 10
2023-03-16 00:19:01,137{GMT}	INFO	[jepsen test runner] jepsen.core: Running test:
{:args []
 :remote
 #jepsen.control.retry.Remote{:remote #jepsen.control.scp.Remote{:cmd-remote #jepsen.control.sshj.SSHJRemote{:concurrency-limit 6,
                                                                                                             :conn-spec nil,
                                                                                                             :client nil,
                                                                                                             :semaphore nil},
                                                                 :conn-spec nil},
                              :conn nil}
 :log-net-send false
 :node-count 1
 :availability nil
 :max-txn-length 4
 :concurrency 1
 :db
 #object[maelstrom.db$db$reify__16142
         "0x29cd48bd"
         "maelstrom.db$db$reify__16142@29cd48bd"]
 :max-writes-per-key 16
 :leave-db-running? false
 :name "broadcast"
 :logging-json? false
 :start-time
 #object[org.joda.time.DateTime "0x34d776eb" "2023-03-16T00:19:01.046-07:00"]
 :nemesis-interval 10
 :net
 #object[maelstrom.net$jepsen_net$reify__15251
         "0x60a3a0fa"
         "maelstrom.net$jepsen_net$reify__15251@60a3a0fa"]
 :client
 #object[maelstrom.workload.broadcast$client$reify__16644
         "0x17734113"
         "maelstrom.workload.broadcast$client$reify__16644@17734113"]
 :barrier
 #object[java.util.concurrent.CyclicBarrier
         "0x27aa700"
         "java.util.concurrent.CyclicBarrier@27aa700"]
 :log-stderr false
 :pure-generators true
 :ssh {:dummy? true}
 :rate 10.0
 :checker
 #object[jepsen.checker$compose$reify__11881
         "0xd15f98a"
         "jepsen.checker$compose$reify__11881@d15f98a"]
 :argv
 ("test"
  "-w"
  "broadcast"
  "--bin"
  "/Users/silicon/go/bin/maelstrom-broadcast"
  "--node-count"
  "1"
  "--time-limit"
  "20"
  "--rate"
  "10")
 :nemesis
 (jepsen.nemesis.ReflCompose
  {:fm {:start-partition 0,
        :stop-partition 0,
        :kill 1,
        :start 1,
        :pause 1,
        :resume 1},
   :nemeses [#unprintable "jepsen.nemesis.combined$partition_nemesis$reify__16416@704c3ca2"
             #unprintable "jepsen.nemesis.combined$db_nemesis$reify__16397@7d3a9061"]})
 :nodes ["n0"]
 :test-count 1
 :latency {:mean 0, :dist :constant}
 :bin "/Users/silicon/go/bin/maelstrom-broadcast"
 :generator
 ((jepsen.generator.Synchronize
   {:gen (jepsen.generator.TimeLimit
          {:limit 20000000000,
           :cutoff nil,
           :gen (jepsen.generator.Any
                 {:gens [(jepsen.generator.OnThreads
                          {:f #{:nemesis},
                           :context-filter #object[jepsen.generator.context$make_thread_filter$lazy_filter__9167
                                                   "0x1dc47df3"
                                                   "jepsen.generator.context$make_thread_filter$lazy_filter__9167@1dc47df3"],
                           :gen nil})
                         (jepsen.generator.OnThreads
                          {:f #jepsen.generator.context.AllBut{:element :nemesis},
                           :context-filter #object[jepsen.generator.context$make_thread_filter$lazy_filter__9167
                                                   "0x256a25a8"
                                                   "jepsen.generator.context$make_thread_filter$lazy_filter__9167@256a25a8"],
                           :gen (jepsen.generator.Stagger
                                 {:dt 200000000,
                                  :next-time nil,
                                  :gen (jepsen.generator.Mix
                                        {:i 0,
                                         :gens [({:f :broadcast, :value 0}
                                                 {:f :broadcast, :value 1}
                                                 {:f :broadcast, :value 2}
                                                 {:f :broadcast, :value 3}
                                                 {:f :broadcast, :value 4}
                                                 {:f :broadcast, :value 5}
                                                 {:f :broadcast, :value 6}
                                                 {:f :broadcast, :value 7}
                                                 ...)
                                                ({:f :read}
                                                 {:f :read}
                                                 {:f :read}
                                                 {:f :read}
                                                 {:f :read}
                                                 {:f :read}
                                                 {:f :read}
                                                 {:f :read}
                                                 ...)]})})})]})})})
  (jepsen.generator.Synchronize
   {:gen (jepsen.generator.OnThreads
          {:f #{:nemesis},
           :context-filter #object[jepsen.generator.context$make_thread_filter$lazy_filter__9167
                                   "0x5bd585a5"
                                   "jepsen.generator.context$make_thread_filter$lazy_filter__9167@5bd585a5"],
           :gen ()})})
  (jepsen.generator.Synchronize
   {:gen {:type :log, :value "Waiting for recovery..."}})
  (jepsen.generator.Synchronize {:gen {:type :sleep, :value 10}})
  (jepsen.generator.Synchronize
   {:gen (jepsen.generator.OnThreads
          {:f #jepsen.generator.context.AllBut{:element :nemesis},
           :context-filter #object[jepsen.generator.context$make_thread_filter$lazy_filter__9167
                                   "0x65c040c9"
                                   "jepsen.generator.context$make_thread_filter$lazy_filter__9167@65c040c9"],
           :gen (jepsen.generator.EachThread
                 {:fresh-gen {:f :read, :final? true},
                  :context-filters #object[clojure.core$promise$reify__8591
                                           "0x11736ebc"
                                           {:status :pending, :val nil}],
                  :gens {}})})}))
 :log-net-recv false
 :os
 #object[maelstrom.net$jepsen_os$reify__15254
         "0x4a03c4bc"
         "maelstrom.net$jepsen_os$reify__15254@4a03c4bc"]
 :time-limit 20
 :workload :broadcast
 :consistency-models [:strict-serializable]
 :topology :grid}

2023-03-16 00:19:01,954{GMT}	INFO	[jepsen node n0] maelstrom.net: Starting Maelstrom network
2023-03-16 00:19:01,955{GMT}	INFO	[jepsen test runner] jepsen.db: Tearing down DB
2023-03-16 00:19:01,955{GMT}	INFO	[jepsen test runner] jepsen.db: Setting up DB
2023-03-16 00:19:01,957{GMT}	INFO	[jepsen node n0] maelstrom.service: Starting services: (lin-kv lin-tso lww-kv seq-kv)
2023-03-16 00:19:01,957{GMT}	INFO	[jepsen node n0] maelstrom.db: Setting up n0
2023-03-16 00:19:01,958{GMT}	INFO	[jepsen node n0] maelstrom.process: launching /Users/silicon/go/bin/maelstrom-broadcast []
2023-03-16 00:19:02,343{GMT}	INFO	[jepsen test runner] jepsen.core: Relative time begins now
2023-03-16 00:19:02,361{GMT}	INFO	[jepsen worker 0] jepsen.util: 0	:invoke	:broadcast	0
2023-03-16 00:19:07,363{GMT}	INFO	[jepsen worker 0] jepsen.util: 0	:info	:broadcast	0	:net-timeout
2023-03-16 00:19:07,364{GMT}	INFO	[jepsen worker 0] jepsen.util: 1	:invoke	:broadcast	1
2023-03-16 00:19:12,368{GMT}	INFO	[jepsen worker 0] jepsen.util: 1	:info	:broadcast	1	:net-timeout
2023-03-16 00:19:12,369{GMT}	INFO	[jepsen worker 0] jepsen.util: 2	:invoke	:read	nil
2023-03-16 00:19:17,374{GMT}	INFO	[jepsen worker 0] jepsen.util: 2	:fail	:read	nil	:net-timeout
2023-03-16 00:19:17,374{GMT}	INFO	[jepsen worker 0] jepsen.util: 2	:invoke	:broadcast	2
2023-03-16 00:19:22,373{GMT}	INFO	[jepsen worker 0] jepsen.util: 2	:info	:broadcast	2	:net-timeout
2023-03-16 00:19:22,374{GMT}	INFO	[jepsen worker 0] jepsen.generator.interpreter: Waiting for recovery...
2023-03-16 00:19:32,379{GMT}	INFO	[jepsen worker 0] jepsen.util: 3	:invoke	:read	nil
2023-03-16 00:19:37,384{GMT}	INFO	[jepsen worker 0] jepsen.util: 3	:fail	:read	nil	:net-timeout
2023-03-16 00:19:37,395{GMT}	INFO	[jepsen test runner] jepsen.core: Run complete, writing
2023-03-16 00:19:37,416{GMT}	INFO	[jepsen node n0] maelstrom.db: Tearing down n0
2023-03-16 00:19:38,406{GMT}	INFO	[jepsen node n0] maelstrom.net: Shutting down Maelstrom network
2023-03-16 00:19:38,408{GMT}	WARN	[jepsen test runner] jepsen.core: Test crashed!
clojure.lang.ExceptionInfo: Node n0 crashed with exit status 1. Before crashing, it wrote to STDOUT:

{"src":"n0","dest":"c0","body":{"in_reply_to":1,"type":"init_ok"}}
{"src":"n0","dest":"c1","body":{"in_reply_to":1,"type":"topology_ok"}}

And to STDERR:

2023/03/16 00:19:02 Received {c0 n0 {"type":"init","node_id":"n0","node_ids":["n0"],"msg_id":1}}
2023/03/16 00:19:02 Node n0 initialized
2023/03/16 00:19:02 Sent {"src":"n0","dest":"c0","body":{"in_reply_to":1,"type":"init_ok"}}
2023/03/16 00:19:02 Received {c1 n0 {"type":"topology","topology":{"n0":[]},"msg_id":1}}
2023/03/16 00:19:02 Sent {"src":"n0","dest":"c1","body":{"in_reply_to":1,"type":"topology_ok"}}
2023/03/16 00:19:02 Received {c2 n0 {"type":"broadcast","message":0,"msg_id":1}}
2023/03/16 00:19:02 message is not an int

Full STDERR logs are available in /Users/silicon/Documents/Code/fly-challenges/maelstrom/store/broadcast/20230316T001901.046-0700/node-logs/n0.log
	at slingshot.support$stack_trace.invoke(support.clj:201)
	at maelstrom.process$stop_node_BANG_.invokeStatic(process.clj:239)
	at maelstrom.process$stop_node_BANG_.invoke(process.clj:217)
	at maelstrom.db$db$reify__16142.teardown_BANG_(db.clj:75)
	at jepsen.db$fn__8744$G__8725__8748.invoke(db.clj:12)
	at jepsen.db$fn__8744$G__8724__8753.invoke(db.clj:12)
	at clojure.core$partial$fn__5908.invoke(core.clj:2642)
	at jepsen.control$on_nodes$fn__8599.invoke(control.clj:314)
	at clojure.lang.AFn.applyToHelper(AFn.java:154)
	at clojure.lang.AFn.applyTo(AFn.java:144)
	at clojure.core$apply.invokeStatic(core.clj:667)
	at clojure.core$with_bindings_STAR_.invokeStatic(core.clj:1990)
	at clojure.core$with_bindings_STAR_.doInvoke(core.clj:1990)
	at clojure.lang.RestFn.applyTo(RestFn.java:142)
	at clojure.core$apply.invokeStatic(core.clj:671)
	at clojure.core$bound_fn_STAR_$fn__5818.doInvoke(core.clj:2020)
	at clojure.lang.RestFn.invoke(RestFn.java:408)
	at dom_top.core$real_pmap_helper$build_thread__211$fn__212.invoke(core.clj:163)
	at clojure.lang.AFn.applyToHelper(AFn.java:152)
	at clojure.lang.AFn.applyTo(AFn.java:144)
	at clojure.core$apply.invokeStatic(core.clj:667)
	at clojure.core$with_bindings_STAR_.invokeStatic(core.clj:1990)
	at clojure.core$with_bindings_STAR_.doInvoke(core.clj:1990)
	at clojure.lang.RestFn.invoke(RestFn.java:425)
	at clojure.lang.AFn.applyToHelper(AFn.java:156)
	at clojure.lang.RestFn.applyTo(RestFn.java:132)
	at clojure.core$apply.invokeStatic(core.clj:671)
	at clojure.core$bound_fn_STAR_$fn__5818.doInvoke(core.clj:2020)
	at clojure.lang.RestFn.invoke(RestFn.java:397)
	at clojure.lang.AFn.run(AFn.java:22)
	at java.base/java.lang.Thread.run(Thread.java:1589)
