2023/03/15 22:00:50 Received {c0 n0 {"type":"init","node_id":"n0","node_ids":["n0"],"msg_id":1}}
2023/03/15 22:00:50 Node n0 initialized
2023/03/15 22:00:50 Sent {"src":"n0","dest":"c0","body":{"in_reply_to":1,"type":"init_ok"}}
2023/03/15 22:00:50 Received {c2 n0 {"echo":"Please echo 30","type":"echo","msg_id":1}}
2023/03/15 22:00:50 Sent {"src":"n0","dest":"c2","body":{"echo":"Please echo 30","in_reply_to":1,"msg_id":1,"type":"echo"}}
2023/03/15 22:00:51 Received {c3 n0 {"echo":"Please echo 38","type":"echo","msg_id":1}}
2023/03/15 22:00:51 Sent {"src":"n0","dest":"c3","body":{"echo":"Please echo 38","in_reply_to":1,"msg_id":1,"type":"echo"}}
2023/03/15 22:00:51 Received {c4 n0 {"echo":"Please echo 100","type":"echo","msg_id":1}}
2023/03/15 22:00:51 Sent {"src":"n0","dest":"c4","body":{"echo":"Please echo 100","in_reply_to":1,"msg_id":1,"type":"echo"}}
2023/03/15 22:00:51 Received {c5 n0 {"echo":"Please echo 96","type":"echo","msg_id":1}}
2023/03/15 22:00:51 Sent {"src":"n0","dest":"c5","body":{"echo":"Please echo 96","in_reply_to":1,"msg_id":1,"type":"echo"}}
2023/03/15 22:00:52 Received {c6 n0 {"echo":"Please echo 117","type":"echo","msg_id":1}}
2023/03/15 22:00:52 Sent {"src":"n0","dest":"c6","body":{"echo":"Please echo 117","in_reply_to":1,"msg_id":1,"type":"echo"}}
2023/03/15 22:00:52 Received {c7 n0 {"echo":"Please echo 65","type":"echo","msg_id":1}}
2023/03/15 22:00:52 Sent {"src":"n0","dest":"c7","body":{"echo":"Please echo 65","in_reply_to":1,"msg_id":1,"type":"echo"}}
2023/03/15 22:00:52 Received {c8 n0 {"echo":"Please echo 95","type":"echo","msg_id":1}}
2023/03/15 22:00:52 Sent {"src":"n0","dest":"c8","body":{"echo":"Please echo 95","in_reply_to":1,"msg_id":1,"type":"echo"}}
2023/03/15 22:00:52 Received {c9 n0 {"echo":"Please echo 127","type":"echo","msg_id":1}}
2023/03/15 22:00:52 Sent {"src":"n0","dest":"c9","body":{"echo":"Please echo 127","in_reply_to":1,"msg_id":1,"type":"echo"}}
2023/03/15 22:00:53 Received {c10 n0 {"echo":"Please echo 62","type":"echo","msg_id":1}}
2023/03/15 22:00:53 Sent {"src":"n0","dest":"c10","body":{"echo":"Please echo 62","in_reply_to":1,"msg_id":1,"type":"echo"}}
2023/03/15 22:00:53 Received {c11 n0 {"echo":"Please echo 45","type":"echo","msg_id":1}}
2023/03/15 22:00:53 Sent {"src":"n0","dest":"c11","body":{"echo":"Please echo 45","in_reply_to":1,"msg_id":1,"type":"echo"}}
2023/03/15 22:00:53 Received {c12 n0 {"echo":"Please echo 21","type":"echo","msg_id":1}}
2023/03/15 22:00:53 Sent {"src":"n0","dest":"c12","body":{"echo":"Please echo 21","in_reply_to":1,"msg_id":1,"type":"echo"}}
2023/03/15 22:00:53 Received {c13 n0 {"echo":"Please echo 59","type":"echo","msg_id":1}}
2023/03/15 22:00:53 Sent {"src":"n0","dest":"c13","body":{"echo":"Please echo 59","in_reply_to":1,"msg_id":1,"type":"echo"}}
2023/03/15 22:00:53 Received {c14 n0 {"echo":"Please echo 87","type":"echo","msg_id":1}}
2023/03/15 22:00:53 Sent {"src":"n0","dest":"c14","body":{"echo":"Please echo 87","in_reply_to":1,"msg_id":1,"type":"echo"}}
