2023-03-15 21:57:33,520{GMT}	INFO	[jepsen test runner] jepsen.core: Command line:
lein run test -w echo --bin /Users/silicon/go/bin/maelstrom-echo --node-count 1 --time-limit 10
2023-03-15 21:57:33,557{GMT}	INFO	[jepsen test runner] jepsen.core: Running test:
{:args []
 :remote
 #jepsen.control.retry.Remote{:remote #jepsen.control.scp.Remote{:cmd-remote #jepsen.control.sshj.SSHJRemote{:concurrency-limit 6,
                                                                                                             :conn-spec nil,
                                                                                                             :client nil,
                                                                                                             :semaphore nil},
                                                                 :conn-spec nil},
                              :conn nil}
 :log-net-send false
 :node-count 1
 :availability nil
 :max-txn-length 4
 :concurrency 1
 :db
 #object[maelstrom.db$db$reify__16142
         "0x3b42d7df"
         "maelstrom.db$db$reify__16142@3b42d7df"]
 :max-writes-per-key 16
 :leave-db-running? false
 :name "echo"
 :logging-json? false
 :start-time
 #object[org.joda.time.DateTime "0x64b262a7" "2023-03-15T21:57:33.501-07:00"]
 :nemesis-interval 10
 :net
 #object[maelstrom.net$jepsen_net$reify__15251
         "0x771c4015"
         "maelstrom.net$jepsen_net$reify__15251@771c4015"]
 :client
 #object[maelstrom.workload.echo$client$reify__16863
         "0x34d776eb"
         "maelstrom.workload.echo$client$reify__16863@34d776eb"]
 :barrier
 #object[java.util.concurrent.CyclicBarrier
         "0x60a3a0fa"
         "java.util.concurrent.CyclicBarrier@60a3a0fa"]
 :log-stderr false
 :pure-generators true
 :ssh {:dummy? true}
 :rate 5
 :checker
 #object[jepsen.checker$compose$reify__11881
         "0x17734113"
         "jepsen.checker$compose$reify__11881@17734113"]
 :argv
 ("test"
  "-w"
  "echo"
  "--bin"
  "/Users/silicon/go/bin/maelstrom-echo"
  "--node-count"
  "1"
  "--time-limit"
  "10")
 :nemesis
 (jepsen.nemesis.ReflCompose
  {:fm {:start-partition 0,
        :stop-partition 0,
        :kill 1,
        :start 1,
        :pause 1,
        :resume 1},
   :nemeses [#unprintable "jepsen.nemesis.combined$partition_nemesis$reify__16416@27aa700"
             #unprintable "jepsen.nemesis.combined$db_nemesis$reify__16397@d15f98a"]})
 :nodes ["n0"]
 :test-count 1
 :latency {:mean 0, :dist :constant}
 :bin "/Users/silicon/go/bin/maelstrom-echo"
 :generator
 (jepsen.generator.TimeLimit
  {:limit 10000000000,
   :cutoff nil,
   :gen (jepsen.generator.Any
         {:gens [(jepsen.generator.OnThreads
                  {:f #{:nemesis},
                   :context-filter #object[jepsen.generator.context$make_thread_filter$lazy_filter__9167
                                           "0x9c88323"
                                           "jepsen.generator.context$make_thread_filter$lazy_filter__9167@9c88323"],
                   :gen nil})
                 (jepsen.generator.OnThreads
                  {:f #jepsen.generator.context.AllBut{:element :nemesis},
                   :context-filter #object[jepsen.generator.context$make_thread_filter$lazy_filter__9167
                                           "0x6d4bdb75"
                                           "jepsen.generator.context$make_thread_filter$lazy_filter__9167@6d4bdb75"],
                   :gen (jepsen.generator.Stagger
                         {:dt 400000000,
                          :next-time nil,
                          :gen (jepsen.generator.EachThread
                                {:fresh-gen #object[maelstrom.workload.echo$workload$fn__16882
                                                    "0x1dc47df3"
                                                    "maelstrom.workload.echo$workload$fn__16882@1dc47df3"],
                                 :context-filters #object[clojure.core$promise$reify__8591
                                                          "0x256a25a8"
                                                          {:status :pending,
                                                           :val nil}],
                                 :gens {}})})})]})})
 :log-net-recv false
 :os
 #object[maelstrom.net$jepsen_os$reify__15254
         "0x68f67bbd"
         "maelstrom.net$jepsen_os$reify__15254@68f67bbd"]
 :time-limit 10
 :workload :echo
 :consistency-models [:strict-serializable]
 :topology :grid}

2023-03-15 21:57:34,450{GMT}	INFO	[jepsen node n0] maelstrom.net: Starting Maelstrom network
2023-03-15 21:57:34,450{GMT}	INFO	[jepsen test runner] jepsen.db: Tearing down DB
2023-03-15 21:57:34,451{GMT}	INFO	[jepsen test runner] jepsen.db: Setting up DB
2023-03-15 21:57:34,452{GMT}	INFO	[jepsen node n0] maelstrom.service: Starting services: (lin-kv lin-tso lww-kv seq-kv)
2023-03-15 21:57:34,453{GMT}	INFO	[jepsen node n0] maelstrom.db: Setting up n0
2023-03-15 21:57:34,454{GMT}	INFO	[jepsen node n0] maelstrom.process: launching /Users/silicon/go/bin/maelstrom-echo []
2023-03-15 21:57:34,639{GMT}	INFO	[jepsen test runner] jepsen.core: Relative time begins now
2023-03-15 21:57:34,651{GMT}	INFO	[jepsen worker 0] jepsen.util: 0	:invoke	:echo	"Please echo 16"
2023-03-15 21:57:34,656{GMT}	INFO	[jepsen worker 0] jepsen.util: 0	:ok	:echo	{:echo "Please echo 16", :in_reply_to 1, :msg_id 1, :type "echo_ok"}
2023-03-15 21:57:34,995{GMT}	INFO	[jepsen worker 0] jepsen.util: 0	:invoke	:echo	"Please echo 19"
2023-03-15 21:57:34,996{GMT}	INFO	[jepsen worker 0] jepsen.util: 0	:ok	:echo	{:echo "Please echo 19", :in_reply_to 2, :msg_id 2, :type "echo_ok"}
2023-03-15 21:57:35,178{GMT}	INFO	[jepsen worker 0] jepsen.util: 0	:invoke	:echo	"Please echo 42"
2023-03-15 21:57:35,181{GMT}	INFO	[jepsen worker 0] jepsen.util: 0	:ok	:echo	{:echo "Please echo 42", :in_reply_to 3, :msg_id 3, :type "echo_ok"}
2023-03-15 21:57:35,583{GMT}	INFO	[jepsen worker 0] jepsen.util: 0	:invoke	:echo	"Please echo 80"
2023-03-15 21:57:35,587{GMT}	INFO	[jepsen worker 0] jepsen.util: 0	:ok	:echo	{:echo "Please echo 80", :in_reply_to 4, :msg_id 4, :type "echo_ok"}
2023-03-15 21:57:35,779{GMT}	INFO	[jepsen worker 0] jepsen.util: 0	:invoke	:echo	"Please echo 43"
2023-03-15 21:57:35,782{GMT}	INFO	[jepsen worker 0] jepsen.util: 0	:ok	:echo	{:echo "Please echo 43", :in_reply_to 5, :msg_id 5, :type "echo_ok"}
2023-03-15 21:57:36,102{GMT}	INFO	[jepsen worker 0] jepsen.util: 0	:invoke	:echo	"Please echo 93"
2023-03-15 21:57:36,106{GMT}	INFO	[jepsen worker 0] jepsen.util: 0	:ok	:echo	{:echo "Please echo 93", :in_reply_to 6, :msg_id 6, :type "echo_ok"}
2023-03-15 21:57:36,243{GMT}	INFO	[jepsen worker 0] jepsen.util: 0	:invoke	:echo	"Please echo 49"
2023-03-15 21:57:36,245{GMT}	INFO	[jepsen worker 0] jepsen.util: 0	:ok	:echo	{:echo "Please echo 49", :in_reply_to 7, :msg_id 7, :type "echo_ok"}
2023-03-15 21:57:36,305{GMT}	INFO	[jepsen worker 0] jepsen.util: 0	:invoke	:echo	"Please echo 0"
2023-03-15 21:57:36,306{GMT}	INFO	[jepsen worker 0] jepsen.util: 0	:ok	:echo	{:echo "Please echo 0", :in_reply_to 8, :msg_id 8, :type "echo_ok"}
2023-03-15 21:57:36,399{GMT}	INFO	[jepsen worker 0] jepsen.util: 0	:invoke	:echo	"Please echo 29"
2023-03-15 21:57:36,401{GMT}	INFO	[jepsen worker 0] jepsen.util: 0	:ok	:echo	{:echo "Please echo 29", :in_reply_to 9, :msg_id 9, :type "echo_ok"}
2023-03-15 21:57:36,509{GMT}	INFO	[jepsen worker 0] jepsen.util: 0	:invoke	:echo	"Please echo 58"
2023-03-15 21:57:36,511{GMT}	INFO	[jepsen worker 0] jepsen.util: 0	:ok	:echo	{:echo "Please echo 58", :in_reply_to 10, :msg_id 10, :type "echo_ok"}
2023-03-15 21:57:36,860{GMT}	INFO	[jepsen worker 0] jepsen.util: 0	:invoke	:echo	"Please echo 59"
2023-03-15 21:57:36,863{GMT}	INFO	[jepsen worker 0] jepsen.util: 0	:ok	:echo	{:echo "Please echo 59", :in_reply_to 11, :msg_id 11, :type "echo_ok"}
2023-03-15 21:57:36,916{GMT}	INFO	[jepsen worker 0] jepsen.util: 0	:invoke	:echo	"Please echo 113"
2023-03-15 21:57:36,918{GMT}	INFO	[jepsen worker 0] jepsen.util: 0	:ok	:echo	{:echo "Please echo 113", :in_reply_to 12, :msg_id 12, :type "echo_ok"}
2023-03-15 21:57:37,284{GMT}	INFO	[jepsen worker 0] jepsen.util: 0	:invoke	:echo	"Please echo 83"
2023-03-15 21:57:37,288{GMT}	INFO	[jepsen worker 0] jepsen.util: 0	:ok	:echo	{:echo "Please echo 83", :in_reply_to 13, :msg_id 13, :type "echo_ok"}
2023-03-15 21:57:37,389{GMT}	INFO	[jepsen worker 0] jepsen.util: 0	:invoke	:echo	"Please echo 107"
2023-03-15 21:57:37,392{GMT}	INFO	[jepsen worker 0] jepsen.util: 0	:ok	:echo	{:echo "Please echo 107", :in_reply_to 14, :msg_id 14, :type "echo_ok"}
2023-03-15 21:57:37,481{GMT}	INFO	[jepsen worker 0] jepsen.util: 0	:invoke	:echo	"Please echo 107"
2023-03-15 21:57:37,483{GMT}	INFO	[jepsen worker 0] jepsen.util: 0	:ok	:echo	{:echo "Please echo 107", :in_reply_to 15, :msg_id 15, :type "echo_ok"}
2023-03-15 21:57:37,662{GMT}	INFO	[jepsen worker 0] jepsen.util: 0	:invoke	:echo	"Please echo 81"
2023-03-15 21:57:37,667{GMT}	INFO	[jepsen worker 0] jepsen.util: 0	:ok	:echo	{:echo "Please echo 81", :in_reply_to 16, :msg_id 16, :type "echo_ok"}
2023-03-15 21:57:37,971{GMT}	INFO	[jepsen worker 0] jepsen.util: 0	:invoke	:echo	"Please echo 22"
2023-03-15 21:57:37,976{GMT}	INFO	[jepsen worker 0] jepsen.util: 0	:ok	:echo	{:echo "Please echo 22", :in_reply_to 17, :msg_id 17, :type "echo_ok"}
2023-03-15 21:57:38,009{GMT}	INFO	[jepsen worker 0] jepsen.util: 0	:invoke	:echo	"Please echo 38"
2023-03-15 21:57:38,012{GMT}	INFO	[jepsen worker 0] jepsen.util: 0	:ok	:echo	{:echo "Please echo 38", :in_reply_to 18, :msg_id 18, :type "echo_ok"}
2023-03-15 21:57:38,398{GMT}	INFO	[jepsen worker 0] jepsen.util: 0	:invoke	:echo	"Please echo 7"
2023-03-15 21:57:38,402{GMT}	INFO	[jepsen worker 0] jepsen.util: 0	:ok	:echo	{:echo "Please echo 7", :in_reply_to 19, :msg_id 19, :type "echo_ok"}
2023-03-15 21:57:38,522{GMT}	INFO	[jepsen worker 0] jepsen.util: 0	:invoke	:echo	"Please echo 10"
2023-03-15 21:57:38,524{GMT}	INFO	[jepsen worker 0] jepsen.util: 0	:ok	:echo	{:echo "Please echo 10", :in_reply_to 20, :msg_id 20, :type "echo_ok"}
2023-03-15 21:57:38,663{GMT}	INFO	[jepsen worker 0] jepsen.util: 0	:invoke	:echo	"Please echo 21"
2023-03-15 21:57:38,665{GMT}	INFO	[jepsen worker 0] jepsen.util: 0	:ok	:echo	{:echo "Please echo 21", :in_reply_to 21, :msg_id 21, :type "echo_ok"}
2023-03-15 21:57:38,910{GMT}	INFO	[jepsen worker 0] jepsen.util: 0	:invoke	:echo	"Please echo 82"
2023-03-15 21:57:38,914{GMT}	INFO	[jepsen worker 0] jepsen.util: 0	:ok	:echo	{:echo "Please echo 82", :in_reply_to 22, :msg_id 22, :type "echo_ok"}
2023-03-15 21:57:39,183{GMT}	INFO	[jepsen worker 0] jepsen.util: 0	:invoke	:echo	"Please echo 117"
2023-03-15 21:57:39,185{GMT}	INFO	[jepsen worker 0] jepsen.util: 0	:ok	:echo	{:echo "Please echo 117", :in_reply_to 23, :msg_id 23, :type "echo_ok"}
2023-03-15 21:57:39,405{GMT}	INFO	[jepsen worker 0] jepsen.util: 0	:invoke	:echo	"Please echo 52"
2023-03-15 21:57:39,407{GMT}	INFO	[jepsen worker 0] jepsen.util: 0	:ok	:echo	{:echo "Please echo 52", :in_reply_to 24, :msg_id 24, :type "echo_ok"}
2023-03-15 21:57:39,754{GMT}	INFO	[jepsen worker 0] jepsen.util: 0	:invoke	:echo	"Please echo 84"
2023-03-15 21:57:39,757{GMT}	INFO	[jepsen worker 0] jepsen.util: 0	:ok	:echo	{:echo "Please echo 84", :in_reply_to 25, :msg_id 25, :type "echo_ok"}
2023-03-15 21:57:39,897{GMT}	INFO	[jepsen worker 0] jepsen.util: 0	:invoke	:echo	"Please echo 81"
2023-03-15 21:57:39,899{GMT}	INFO	[jepsen worker 0] jepsen.util: 0	:ok	:echo	{:echo "Please echo 81", :in_reply_to 26, :msg_id 26, :type "echo_ok"}
2023-03-15 21:57:40,146{GMT}	INFO	[jepsen worker 0] jepsen.util: 0	:invoke	:echo	"Please echo 90"
2023-03-15 21:57:40,149{GMT}	INFO	[jepsen worker 0] jepsen.util: 0	:ok	:echo	{:echo "Please echo 90", :in_reply_to 27, :msg_id 27, :type "echo_ok"}
2023-03-15 21:57:40,359{GMT}	INFO	[jepsen worker 0] jepsen.util: 0	:invoke	:echo	"Please echo 107"
2023-03-15 21:57:40,360{GMT}	INFO	[jepsen worker 0] jepsen.util: 0	:ok	:echo	{:echo "Please echo 107", :in_reply_to 28, :msg_id 28, :type "echo_ok"}
2023-03-15 21:57:40,731{GMT}	INFO	[jepsen worker 0] jepsen.util: 0	:invoke	:echo	"Please echo 114"
2023-03-15 21:57:40,731{GMT}	INFO	[jepsen worker 0] jepsen.util: 0	:ok	:echo	{:echo "Please echo 114", :in_reply_to 29, :msg_id 29, :type "echo_ok"}
2023-03-15 21:57:40,858{GMT}	INFO	[jepsen worker 0] jepsen.util: 0	:invoke	:echo	"Please echo 17"
2023-03-15 21:57:40,859{GMT}	INFO	[jepsen worker 0] jepsen.util: 0	:ok	:echo	{:echo "Please echo 17", :in_reply_to 30, :msg_id 30, :type "echo_ok"}
2023-03-15 21:57:41,120{GMT}	INFO	[jepsen worker 0] jepsen.util: 0	:invoke	:echo	"Please echo 75"
2023-03-15 21:57:41,125{GMT}	INFO	[jepsen worker 0] jepsen.util: 0	:ok	:echo	{:echo "Please echo 75", :in_reply_to 31, :msg_id 31, :type "echo_ok"}
2023-03-15 21:57:41,392{GMT}	INFO	[jepsen worker 0] jepsen.util: 0	:invoke	:echo	"Please echo 74"
2023-03-15 21:57:41,394{GMT}	INFO	[jepsen worker 0] jepsen.util: 0	:ok	:echo	{:echo "Please echo 74", :in_reply_to 32, :msg_id 32, :type "echo_ok"}
2023-03-15 21:57:41,496{GMT}	INFO	[jepsen worker 0] jepsen.util: 0	:invoke	:echo	"Please echo 78"
2023-03-15 21:57:41,498{GMT}	INFO	[jepsen worker 0] jepsen.util: 0	:ok	:echo	{:echo "Please echo 78", :in_reply_to 33, :msg_id 33, :type "echo_ok"}
2023-03-15 21:57:41,529{GMT}	INFO	[jepsen worker 0] jepsen.util: 0	:invoke	:echo	"Please echo 47"
2023-03-15 21:57:41,531{GMT}	INFO	[jepsen worker 0] jepsen.util: 0	:ok	:echo	{:echo "Please echo 47", :in_reply_to 34, :msg_id 34, :type "echo_ok"}
2023-03-15 21:57:41,776{GMT}	INFO	[jepsen worker 0] jepsen.util: 0	:invoke	:echo	"Please echo 42"
2023-03-15 21:57:41,778{GMT}	INFO	[jepsen worker 0] jepsen.util: 0	:ok	:echo	{:echo "Please echo 42", :in_reply_to 35, :msg_id 35, :type "echo_ok"}
2023-03-15 21:57:42,071{GMT}	INFO	[jepsen worker 0] jepsen.util: 0	:invoke	:echo	"Please echo 117"
2023-03-15 21:57:42,073{GMT}	INFO	[jepsen worker 0] jepsen.util: 0	:ok	:echo	{:echo "Please echo 117", :in_reply_to 36, :msg_id 36, :type "echo_ok"}
2023-03-15 21:57:42,311{GMT}	INFO	[jepsen worker 0] jepsen.util: 0	:invoke	:echo	"Please echo 45"
2023-03-15 21:57:42,315{GMT}	INFO	[jepsen worker 0] jepsen.util: 0	:ok	:echo	{:echo "Please echo 45", :in_reply_to 37, :msg_id 37, :type "echo_ok"}
2023-03-15 21:57:42,458{GMT}	INFO	[jepsen worker 0] jepsen.util: 0	:invoke	:echo	"Please echo 36"
2023-03-15 21:57:42,460{GMT}	INFO	[jepsen worker 0] jepsen.util: 0	:ok	:echo	{:echo "Please echo 36", :in_reply_to 38, :msg_id 38, :type "echo_ok"}
2023-03-15 21:57:42,862{GMT}	INFO	[jepsen worker 0] jepsen.util: 0	:invoke	:echo	"Please echo 112"
2023-03-15 21:57:42,866{GMT}	INFO	[jepsen worker 0] jepsen.util: 0	:ok	:echo	{:echo "Please echo 112", :in_reply_to 39, :msg_id 39, :type "echo_ok"}
2023-03-15 21:57:43,131{GMT}	INFO	[jepsen worker 0] jepsen.util: 0	:invoke	:echo	"Please echo 44"
2023-03-15 21:57:43,134{GMT}	INFO	[jepsen worker 0] jepsen.util: 0	:ok	:echo	{:echo "Please echo 44", :in_reply_to 40, :msg_id 40, :type "echo_ok"}
2023-03-15 21:57:43,467{GMT}	INFO	[jepsen worker 0] jepsen.util: 0	:invoke	:echo	"Please echo 58"
2023-03-15 21:57:43,471{GMT}	INFO	[jepsen worker 0] jepsen.util: 0	:ok	:echo	{:echo "Please echo 58", :in_reply_to 41, :msg_id 41, :type "echo_ok"}
2023-03-15 21:57:43,576{GMT}	INFO	[jepsen worker 0] jepsen.util: 0	:invoke	:echo	"Please echo 9"
2023-03-15 21:57:43,577{GMT}	INFO	[jepsen worker 0] jepsen.util: 0	:ok	:echo	{:echo "Please echo 9", :in_reply_to 42, :msg_id 42, :type "echo_ok"}
2023-03-15 21:57:43,749{GMT}	INFO	[jepsen worker 0] jepsen.util: 0	:invoke	:echo	"Please echo 54"
2023-03-15 21:57:43,752{GMT}	INFO	[jepsen worker 0] jepsen.util: 0	:ok	:echo	{:echo "Please echo 54", :in_reply_to 43, :msg_id 43, :type "echo_ok"}
2023-03-15 21:57:44,081{GMT}	INFO	[jepsen worker 0] jepsen.util: 0	:invoke	:echo	"Please echo 13"
2023-03-15 21:57:44,083{GMT}	INFO	[jepsen worker 0] jepsen.util: 0	:ok	:echo	{:echo "Please echo 13", :in_reply_to 44, :msg_id 44, :type "echo_ok"}
2023-03-15 21:57:44,465{GMT}	INFO	[jepsen worker 0] jepsen.util: 0	:invoke	:echo	"Please echo 59"
2023-03-15 21:57:44,469{GMT}	INFO	[jepsen worker 0] jepsen.util: 0	:ok	:echo	{:echo "Please echo 59", :in_reply_to 45, :msg_id 45, :type "echo_ok"}
2023-03-15 21:57:44,493{GMT}	INFO	[jepsen test runner] jepsen.core: Run complete, writing
2023-03-15 21:57:44,545{GMT}	INFO	[jepsen node n0] maelstrom.db: Tearing down n0
2023-03-15 21:57:45,507{GMT}	INFO	[jepsen node n0] maelstrom.net: Shutting down Maelstrom network
2023-03-15 21:57:45,508{GMT}	INFO	[jepsen test runner] jepsen.core: Analyzing...
2023-03-15 21:57:48,682{GMT}	INFO	[jepsen test runner] jepsen.core: Analysis complete
2023-03-15 21:57:48,686{GMT}	INFO	[jepsen results] jepsen.store: Wrote /Users/silicon/Documents/Code/fly-challenges/1-maelstrom-echo/maelstrom/store/echo/20230315T215733.501-0700/results.edn
2023-03-15 21:57:48,708{GMT}	INFO	[jepsen test runner] jepsen.core: {:perf {:latency-graph {:valid? true},
        :rate-graph {:valid? true},
        :valid? true},
 :timeline {:valid? true},
 :exceptions {:valid? true},
 :stats {:valid? true,
         :count 45,
         :ok-count 45,
         :fail-count 0,
         :info-count 0,
         :by-f {:echo {:valid? true,
                       :count 45,
                       :ok-count 45,
                       :fail-count 0,
                       :info-count 0}}},
 :availability {:valid? true, :ok-fraction 1.0},
 :net {:all {:send-count 92,
             :recv-count 92,
             :msg-count 92,
             :msgs-per-op 2.0444446},
       :clients {:send-count 92, :recv-count 92, :msg-count 92},
       :servers {:send-count 0,
                 :recv-count 0,
                 :msg-count 0,
                 :msgs-per-op 0.0},
       :valid? true},
 :workload {:valid? true, :errors ()},
 :valid? true}


Everything looks good! ヽ(‘ー`)ノ
