2023/03/16 00:15:06 Received {c0 n0 {"type":"init","node_id":"n0","node_ids":["n0"],"msg_id":1}}
2023/03/16 00:15:06 Node n0 initialized
2023/03/16 00:15:06 Sent {"src":"n0","dest":"c0","body":{"in_reply_to":1,"type":"init_ok"}}
2023/03/16 00:15:06 Received {c1 n0 {"type":"topology","topology":{"n0":[]},"msg_id":1}}
2023/03/16 00:15:06 Sent {"src":"n0","dest":"c1","body":{"in_reply_to":1,"type":"topology_ok"}}
2023/03/16 00:15:06 Received {c2 n0 {"type":"read","msg_id":1}}
2023/03/16 00:15:06 Sent {"src":"n0","dest":"c2","body":{"ids":[],"in_reply_to":1,"type":"read_ok"}}
2023/03/16 00:15:07 Received {c3 n0 {"type":"broadcast","message":0,"msg_id":1}}
2023/03/16 00:15:07 Sent {"src":"n0","dest":"c3","body":{"in_reply_to":1,"type":"broadcast_ok"}}
2023/03/16 00:15:07 Received {c3 n0 {"type":"read","msg_id":2}}
2023/03/16 00:15:07 Sent {"src":"n0","dest":"c3","body":{"ids":[0],"in_reply_to":2,"type":"read_ok"}}
2023/03/16 00:15:07 Received {c4 n0 {"type":"broadcast","message":1,"msg_id":1}}
2023/03/16 00:15:07 Sent {"src":"n0","dest":"c4","body":{"in_reply_to":1,"type":"broadcast_ok"}}
2023/03/16 00:15:07 Received {c4 n0 {"type":"broadcast","message":2,"msg_id":2}}
2023/03/16 00:15:07 Sent {"src":"n0","dest":"c4","body":{"in_reply_to":2,"type":"broadcast_ok"}}
2023/03/16 00:15:07 Received {c4 n0 {"type":"broadcast","message":3,"msg_id":3}}
2023/03/16 00:15:07 Sent {"src":"n0","dest":"c4","body":{"in_reply_to":3,"type":"broadcast_ok"}}
2023/03/16 00:15:07 Received {c4 n0 {"type":"read","msg_id":4}}
2023/03/16 00:15:07 Sent {"src":"n0","dest":"c4","body":{"ids":[0,1,2,3],"in_reply_to":4,"type":"read_ok"}}
2023/03/16 00:15:07 Received {c5 n0 {"type":"broadcast","message":4,"msg_id":1}}
2023/03/16 00:15:07 Sent {"src":"n0","dest":"c5","body":{"in_reply_to":1,"type":"broadcast_ok"}}
2023/03/16 00:15:07 Received {c5 n0 {"type":"broadcast","message":5,"msg_id":2}}
2023/03/16 00:15:07 Sent {"src":"n0","dest":"c5","body":{"in_reply_to":2,"type":"broadcast_ok"}}
2023/03/16 00:15:07 Received {c5 n0 {"type":"broadcast","message":6,"msg_id":3}}
2023/03/16 00:15:07 Sent {"src":"n0","dest":"c5","body":{"in_reply_to":3,"type":"broadcast_ok"}}
2023/03/16 00:15:07 Received {c5 n0 {"type":"read","msg_id":4}}
2023/03/16 00:15:07 Sent {"src":"n0","dest":"c5","body":{"ids":[0,1,2,3,4,5,6],"in_reply_to":4,"type":"read_ok"}}
2023/03/16 00:15:07 Received {c6 n0 {"type":"broadcast","message":7,"msg_id":1}}
2023/03/16 00:15:07 Sent {"src":"n0","dest":"c6","body":{"in_reply_to":1,"type":"broadcast_ok"}}
2023/03/16 00:15:08 Received {c6 n0 {"type":"read","msg_id":2}}
2023/03/16 00:15:08 Sent {"src":"n0","dest":"c6","body":{"ids":[0,1,2,3,4,5,6,7],"in_reply_to":2,"type":"read_ok"}}
2023/03/16 00:15:08 Received {c7 n0 {"type":"broadcast","message":8,"msg_id":1}}
2023/03/16 00:15:08 Sent {"src":"n0","dest":"c7","body":{"in_reply_to":1,"type":"broadcast_ok"}}
2023/03/16 00:15:08 Received {c7 n0 {"type":"read","msg_id":2}}
2023/03/16 00:15:08 Sent {"src":"n0","dest":"c7","body":{"ids":[0,1,2,3,4,5,6,7,8],"in_reply_to":2,"type":"read_ok"}}
2023/03/16 00:15:08 Received {c8 n0 {"type":"broadcast","message":9,"msg_id":1}}
2023/03/16 00:15:08 Sent {"src":"n0","dest":"c8","body":{"in_reply_to":1,"type":"broadcast_ok"}}
2023/03/16 00:15:08 Received {c8 n0 {"type":"read","msg_id":2}}
2023/03/16 00:15:08 Sent {"src":"n0","dest":"c8","body":{"ids":[0,1,2,3,4,5,6,7,8,9],"in_reply_to":2,"type":"read_ok"}}
2023/03/16 00:15:08 Received {c9 n0 {"type":"broadcast","message":10,"msg_id":1}}
2023/03/16 00:15:08 Sent {"src":"n0","dest":"c9","body":{"in_reply_to":1,"type":"broadcast_ok"}}
2023/03/16 00:15:08 Received {c9 n0 {"type":"read","msg_id":2}}
2023/03/16 00:15:08 Sent {"src":"n0","dest":"c9","body":{"ids":[0,1,2,3,4,5,6,7,8,9,10],"in_reply_to":2,"type":"read_ok"}}
2023/03/16 00:15:08 Received {c10 n0 {"type":"broadcast","message":11,"msg_id":1}}
2023/03/16 00:15:08 Sent {"src":"n0","dest":"c10","body":{"in_reply_to":1,"type":"broadcast_ok"}}
2023/03/16 00:15:08 Received {c10 n0 {"type":"read","msg_id":2}}
2023/03/16 00:15:08 Sent {"src":"n0","dest":"c10","body":{"ids":[0,1,2,3,4,5,6,7,8,9,10,11],"in_reply_to":2,"type":"read_ok"}}
2023/03/16 00:15:08 Received {c11 n0 {"type":"broadcast","message":12,"msg_id":1}}
2023/03/16 00:15:08 Sent {"src":"n0","dest":"c11","body":{"in_reply_to":1,"type":"broadcast_ok"}}
2023/03/16 00:15:08 Received {c11 n0 {"type":"broadcast","message":13,"msg_id":2}}
2023/03/16 00:15:08 Sent {"src":"n0","dest":"c11","body":{"in_reply_to":2,"type":"broadcast_ok"}}
2023/03/16 00:15:09 Received {c11 n0 {"type":"broadcast","message":14,"msg_id":3}}
2023/03/16 00:15:09 Sent {"src":"n0","dest":"c11","body":{"in_reply_to":3,"type":"broadcast_ok"}}
2023/03/16 00:15:09 Received {c11 n0 {"type":"read","msg_id":4}}
2023/03/16 00:15:09 Sent {"src":"n0","dest":"c11","body":{"ids":[0,1,2,3,4,5,6,7,8,9,10,11,12,13,14],"in_reply_to":4,"type":"read_ok"}}
2023/03/16 00:15:09 Received {c12 n0 {"type":"broadcast","message":15,"msg_id":1}}
2023/03/16 00:15:09 Sent {"src":"n0","dest":"c12","body":{"in_reply_to":1,"type":"broadcast_ok"}}
2023/03/16 00:15:09 Received {c12 n0 {"type":"read","msg_id":2}}
2023/03/16 00:15:09 Sent {"src":"n0","dest":"c12","body":{"ids":[0,1,2,3,4,5,6,7,8,9,10,11,12,13,14,15],"in_reply_to":2,"type":"read_ok"}}
2023/03/16 00:15:09 Received {c13 n0 {"type":"read","msg_id":1}}
2023/03/16 00:15:09 Sent {"src":"n0","dest":"c13","body":{"ids":[0,1,2,3,4,5,6,7,8,9,10,11,12,13,14,15],"in_reply_to":1,"type":"read_ok"}}
2023/03/16 00:15:09 Received {c14 n0 {"type":"read","msg_id":1}}
2023/03/16 00:15:09 Sent {"src":"n0","dest":"c14","body":{"ids":[0,1,2,3,4,5,6,7,8,9,10,11,12,13,14,15],"in_reply_to":1,"type":"read_ok"}}
2023/03/16 00:15:09 Received {c15 n0 {"type":"read","msg_id":1}}
2023/03/16 00:15:09 Sent {"src":"n0","dest":"c15","body":{"ids":[0,1,2,3,4,5,6,7,8,9,10,11,12,13,14,15],"in_reply_to":1,"type":"read_ok"}}
2023/03/16 00:15:09 Received {c16 n0 {"type":"broadcast","message":16,"msg_id":1}}
2023/03/16 00:15:09 Sent {"src":"n0","dest":"c16","body":{"in_reply_to":1,"type":"broadcast_ok"}}
2023/03/16 00:15:09 Received {c16 n0 {"type":"read","msg_id":2}}
2023/03/16 00:15:09 Sent {"src":"n0","dest":"c16","body":{"ids":[0,1,2,3,4,5,6,7,8,9,10,11,12,13,14,15,16],"in_reply_to":2,"type":"read_ok"}}
2023/03/16 00:15:09 Received {c17 n0 {"type":"broadcast","message":17,"msg_id":1}}
2023/03/16 00:15:09 Sent {"src":"n0","dest":"c17","body":{"in_reply_to":1,"type":"broadcast_ok"}}
2023/03/16 00:15:09 Received {c17 n0 {"type":"broadcast","message":18,"msg_id":2}}
2023/03/16 00:15:09 Sent {"src":"n0","dest":"c17","body":{"in_reply_to":2,"type":"broadcast_ok"}}
2023/03/16 00:15:10 Received {c17 n0 {"type":"broadcast","message":19,"msg_id":3}}
2023/03/16 00:15:10 Sent {"src":"n0","dest":"c17","body":{"in_reply_to":3,"type":"broadcast_ok"}}
2023/03/16 00:15:10 Received {c17 n0 {"type":"read","msg_id":4}}
2023/03/16 00:15:10 Sent {"src":"n0","dest":"c17","body":{"ids":[0,1,2,3,4,5,6,7,8,9,10,11,12,13,14,15,16,17,18,19],"in_reply_to":4,"type":"read_ok"}}
2023/03/16 00:15:10 Received {c18 n0 {"type":"read","msg_id":1}}
2023/03/16 00:15:10 Sent {"src":"n0","dest":"c18","body":{"ids":[0,1,2,3,4,5,6,7,8,9,10,11,12,13,14,15,16,17,18,19],"in_reply_to":1,"type":"read_ok"}}
2023/03/16 00:15:10 Received {c19 n0 {"type":"read","msg_id":1}}
2023/03/16 00:15:10 Sent {"src":"n0","dest":"c19","body":{"ids":[0,1,2,3,4,5,6,7,8,9,10,11,12,13,14,15,16,17,18,19],"in_reply_to":1,"type":"read_ok"}}
