2023-03-15 23:42:49,207{GMT}	INFO	[jepsen test runner] jepsen.core: Command line:
lein run test -w broadcast --bin /Users/silicon/go/bin/maelstrom-broadcast --node-count 1 --time-limit 20 --rate 10
2023-03-15 23:42:49,281{GMT}	INFO	[jepsen test runner] jepsen.core: Running test:
{:args []
 :remote
 #jepsen.control.retry.Remote{:remote #jepsen.control.scp.Remote{:cmd-remote #jepsen.control.sshj.SSHJRemote{:concurrency-limit 6,
                                                                                                             :conn-spec nil,
                                                                                                             :client nil,
                                                                                                             :semaphore nil},
                                                                 :conn-spec nil},
                              :conn nil}
 :log-net-send false
 :node-count 1
 :availability nil
 :max-txn-length 4
 :concurrency 1
 :db
 #object[maelstrom.db$db$reify__16142
         "0x771c4015"
         "maelstrom.db$db$reify__16142@771c4015"]
 :max-writes-per-key 16
 :leave-db-running? false
 :name "broadcast"
 :logging-json? false
 :start-time
 #object[org.joda.time.DateTime "0x27aa700" "2023-03-15T23:42:49.194-07:00"]
 :nemesis-interval 10
 :net
 #object[maelstrom.net$jepsen_net$reify__15251
         "0xd15f98a"
         "maelstrom.net$jepsen_net$reify__15251@d15f98a"]
 :client
 #object[maelstrom.workload.broadcast$client$reify__16644
         "0x704c3ca2"
         "maelstrom.workload.broadcast$client$reify__16644@704c3ca2"]
 :barrier
 #object[java.util.concurrent.CyclicBarrier
         "0x7d3a9061"
         "java.util.concurrent.CyclicBarrier@7d3a9061"]
 :log-stderr false
 :pure-generators true
 :ssh {:dummy? true}
 :rate 10.0
 :checker
 #object[jepsen.checker$compose$reify__11881
         "0x2a2f7a61"
         "jepsen.checker$compose$reify__11881@2a2f7a61"]
 :argv
 ("test"
  "-w"
  "broadcast"
  "--bin"
  "/Users/silicon/go/bin/maelstrom-broadcast"
  "--node-count"
  "1"
  "--time-limit"
  "20"
  "--rate"
  "10")
 :nemesis
 (jepsen.nemesis.ReflCompose
  {:fm {:start-partition 0,
        :stop-partition 0,
        :kill 1,
        :start 1,
        :pause 1,
        :resume 1},
   :nemeses [#unprintable "jepsen.nemesis.combined$partition_nemesis$reify__16416@8d40f07"
             #unprintable "jepsen.nemesis.combined$db_nemesis$reify__16397@196c8b93"]})
 :nodes ["n0"]
 :test-count 1
 :latency {:mean 0, :dist :constant}
 :bin "/Users/silicon/go/bin/maelstrom-broadcast"
 :generator
 ((jepsen.generator.Synchronize
   {:gen (jepsen.generator.TimeLimit
          {:limit 20000000000,
           :cutoff nil,
           :gen (jepsen.generator.Any
                 {:gens [(jepsen.generator.OnThreads
                          {:f #{:nemesis},
                           :context-filter #object[jepsen.generator.context$make_thread_filter$lazy_filter__9167
                                                   "0x5bd585a5"
                                                   "jepsen.generator.context$make_thread_filter$lazy_filter__9167@5bd585a5"],
                           :gen nil})
                         (jepsen.generator.OnThreads
                          {:f #jepsen.generator.context.AllBut{:element :nemesis},
                           :context-filter #object[jepsen.generator.context$make_thread_filter$lazy_filter__9167
                                                   "0x65c040c9"
                                                   "jepsen.generator.context$make_thread_filter$lazy_filter__9167@65c040c9"],
                           :gen (jepsen.generator.Stagger
                                 {:dt 200000000,
                                  :next-time nil,
                                  :gen (jepsen.generator.Mix
                                        {:i 0,
                                         :gens [({:f :broadcast, :value 0}
                                                 {:f :broadcast, :value 1}
                                                 {:f :broadcast, :value 2}
                                                 {:f :broadcast, :value 3}
                                                 {:f :broadcast, :value 4}
                                                 {:f :broadcast, :value 5}
                                                 {:f :broadcast, :value 6}
                                                 {:f :broadcast, :value 7}
                                                 ...)
                                                ({:f :read}
                                                 {:f :read}
                                                 {:f :read}
                                                 {:f :read}
                                                 {:f :read}
                                                 {:f :read}
                                                 {:f :read}
                                                 {:f :read}
                                                 ...)]})})})]})})})
  (jepsen.generator.Synchronize
   {:gen (jepsen.generator.OnThreads
          {:f #{:nemesis},
           :context-filter #object[jepsen.generator.context$make_thread_filter$lazy_filter__9167
                                   "0x4a03c4bc"
                                   "jepsen.generator.context$make_thread_filter$lazy_filter__9167@4a03c4bc"],
           :gen ()})})
  (jepsen.generator.Synchronize
   {:gen {:type :log, :value "Waiting for recovery..."}})
  (jepsen.generator.Synchronize {:gen {:type :sleep, :value 10}})
  (jepsen.generator.Synchronize
   {:gen (jepsen.generator.OnThreads
          {:f #jepsen.generator.context.AllBut{:element :nemesis},
           :context-filter #object[jepsen.generator.context$make_thread_filter$lazy_filter__9167
                                   "0x3d0c88f4"
                                   "jepsen.generator.context$make_thread_filter$lazy_filter__9167@3d0c88f4"],
           :gen (jepsen.generator.EachThread
                 {:fresh-gen {:f :read, :final? true},
                  :context-filters #object[clojure.core$promise$reify__8591
                                           "0x5aad4194"
                                           {:status :pending, :val nil}],
                  :gens {}})})}))
 :log-net-recv false
 :os
 #object[maelstrom.net$jepsen_os$reify__15254
         "0x50a1c2f3"
         "maelstrom.net$jepsen_os$reify__15254@50a1c2f3"]
 :time-limit 20
 :workload :broadcast
 :consistency-models [:strict-serializable]
 :topology :grid}

2023-03-15 23:42:50,095{GMT}	INFO	[jepsen node n0] maelstrom.net: Starting Maelstrom network
2023-03-15 23:42:50,096{GMT}	INFO	[jepsen test runner] jepsen.db: Tearing down DB
2023-03-15 23:42:50,097{GMT}	INFO	[jepsen test runner] jepsen.db: Setting up DB
2023-03-15 23:42:50,098{GMT}	INFO	[jepsen node n0] maelstrom.service: Starting services: (lin-kv lin-tso lww-kv seq-kv)
2023-03-15 23:42:50,099{GMT}	INFO	[jepsen node n0] maelstrom.db: Setting up n0
2023-03-15 23:42:50,100{GMT}	INFO	[jepsen node n0] maelstrom.process: launching /Users/silicon/go/bin/maelstrom-broadcast []
2023-03-15 23:42:50,165{GMT}	INFO	[jepsen test runner] jepsen.core: Relative time begins now
2023-03-15 23:42:55,174{GMT}	INFO	[jepsen node n0] maelstrom.db: Tearing down n0
2023-03-15 23:42:55,195{GMT}	INFO	[jepsen node n0] maelstrom.net: Shutting down Maelstrom network
2023-03-15 23:42:55,196{GMT}	WARN	[jepsen test runner] jepsen.core: Test crashed!
clojure.lang.ExceptionInfo: Node n0 crashed with exit status 1. Before crashing, it wrote to STDOUT:

{"src":"n0","dest":"c0","body":{"in_reply_to":1,"type":"init_ok"}}

And to STDERR:

2023/03/15 23:42:50 Received {c0 n0 {"type":"init","node_id":"n0","node_ids":["n0"],"msg_id":1}}
2023/03/15 23:42:50 Node n0 initialized
2023/03/15 23:42:50 Sent {"src":"n0","dest":"c0","body":{"in_reply_to":1,"type":"init_ok"}}
2023/03/15 23:42:50 Received {c1 n0 {"type":"topology","topology":{"n0":[]},"msg_id":1}}
2023/03/15 23:42:50 No handler for {"id":2,"src":"c1","dest":"n0","body":{"type":"topology","topology":{"n0":[]},"msg_id":1}}

Full STDERR logs are available in /Users/silicon/Documents/Code/fly-challenges/maelstrom/store/broadcast/20230315T234249.194-0700/node-logs/n0.log
	at slingshot.support$stack_trace.invoke(support.clj:201)
	at maelstrom.process$stop_node_BANG_.invokeStatic(process.clj:239)
	at maelstrom.process$stop_node_BANG_.invoke(process.clj:217)
	at maelstrom.db$db$reify__16142.teardown_BANG_(db.clj:75)
	at jepsen.db$fn__8744$G__8725__8748.invoke(db.clj:12)
	at jepsen.db$fn__8744$G__8724__8753.invoke(db.clj:12)
	at clojure.core$partial$fn__5908.invoke(core.clj:2642)
	at jepsen.control$on_nodes$fn__8599.invoke(control.clj:314)
	at clojure.lang.AFn.applyToHelper(AFn.java:154)
	at clojure.lang.AFn.applyTo(AFn.java:144)
	at clojure.core$apply.invokeStatic(core.clj:667)
	at clojure.core$with_bindings_STAR_.invokeStatic(core.clj:1990)
	at clojure.core$with_bindings_STAR_.doInvoke(core.clj:1990)
	at clojure.lang.RestFn.applyTo(RestFn.java:142)
	at clojure.core$apply.invokeStatic(core.clj:671)
	at clojure.core$bound_fn_STAR_$fn__5818.doInvoke(core.clj:2020)
	at clojure.lang.RestFn.invoke(RestFn.java:408)
	at dom_top.core$real_pmap_helper$build_thread__211$fn__212.invoke(core.clj:163)
	at clojure.lang.AFn.applyToHelper(AFn.java:152)
	at clojure.lang.AFn.applyTo(AFn.java:144)
	at clojure.core$apply.invokeStatic(core.clj:667)
	at clojure.core$with_bindings_STAR_.invokeStatic(core.clj:1990)
	at clojure.core$with_bindings_STAR_.doInvoke(core.clj:1990)
	at clojure.lang.RestFn.invoke(RestFn.java:425)
	at clojure.lang.AFn.applyToHelper(AFn.java:156)
	at clojure.lang.RestFn.applyTo(RestFn.java:132)
	at clojure.core$apply.invokeStatic(core.clj:671)
	at clojure.core$bound_fn_STAR_$fn__5818.doInvoke(core.clj:2020)
	at clojure.lang.RestFn.invoke(RestFn.java:397)
	at clojure.lang.AFn.run(AFn.java:22)
	at java.base/java.lang.Thread.run(Thread.java:1589)
