2023/03/15 21:57:34 Received {c0 n0 {"type":"init","node_id":"n0","node_ids":["n0"],"msg_id":1}}
2023/03/15 21:57:34 Node n0 initialized
2023/03/15 21:57:34 Sent {"src":"n0","dest":"c0","body":{"in_reply_to":1,"type":"init_ok"}}
2023/03/15 21:57:34 Received {c2 n0 {"echo":"Please echo 16","type":"echo","msg_id":1}}
2023/03/15 21:57:34 Sent {"src":"n0","dest":"c2","body":{"echo":"Please echo 16","in_reply_to":1,"msg_id":1,"type":"echo_ok"}}
2023/03/15 21:57:34 Received {c2 n0 {"echo":"Please echo 19","type":"echo","msg_id":2}}
2023/03/15 21:57:34 Sent {"src":"n0","dest":"c2","body":{"echo":"Please echo 19","in_reply_to":2,"msg_id":2,"type":"echo_ok"}}
2023/03/15 21:57:35 Received {c2 n0 {"echo":"Please echo 42","type":"echo","msg_id":3}}
2023/03/15 21:57:35 Sent {"src":"n0","dest":"c2","body":{"echo":"Please echo 42","in_reply_to":3,"msg_id":3,"type":"echo_ok"}}
2023/03/15 21:57:35 Received {c2 n0 {"echo":"Please echo 80","type":"echo","msg_id":4}}
2023/03/15 21:57:35 Sent {"src":"n0","dest":"c2","body":{"echo":"Please echo 80","in_reply_to":4,"msg_id":4,"type":"echo_ok"}}
2023/03/15 21:57:35 Received {c2 n0 {"echo":"Please echo 43","type":"echo","msg_id":5}}
2023/03/15 21:57:35 Sent {"src":"n0","dest":"c2","body":{"echo":"Please echo 43","in_reply_to":5,"msg_id":5,"type":"echo_ok"}}
2023/03/15 21:57:36 Received {c2 n0 {"echo":"Please echo 93","type":"echo","msg_id":6}}
2023/03/15 21:57:36 Sent {"src":"n0","dest":"c2","body":{"echo":"Please echo 93","in_reply_to":6,"msg_id":6,"type":"echo_ok"}}
2023/03/15 21:57:36 Received {c2 n0 {"echo":"Please echo 49","type":"echo","msg_id":7}}
2023/03/15 21:57:36 Sent {"src":"n0","dest":"c2","body":{"echo":"Please echo 49","in_reply_to":7,"msg_id":7,"type":"echo_ok"}}
2023/03/15 21:57:36 Received {c2 n0 {"echo":"Please echo 0","type":"echo","msg_id":8}}
2023/03/15 21:57:36 Sent {"src":"n0","dest":"c2","body":{"echo":"Please echo 0","in_reply_to":8,"msg_id":8,"type":"echo_ok"}}
2023/03/15 21:57:36 Received {c2 n0 {"echo":"Please echo 29","type":"echo","msg_id":9}}
2023/03/15 21:57:36 Sent {"src":"n0","dest":"c2","body":{"echo":"Please echo 29","in_reply_to":9,"msg_id":9,"type":"echo_ok"}}
2023/03/15 21:57:36 Received {c2 n0 {"echo":"Please echo 58","type":"echo","msg_id":10}}
2023/03/15 21:57:36 Sent {"src":"n0","dest":"c2","body":{"echo":"Please echo 58","in_reply_to":10,"msg_id":10,"type":"echo_ok"}}
2023/03/15 21:57:36 Received {c2 n0 {"echo":"Please echo 59","type":"echo","msg_id":11}}
2023/03/15 21:57:36 Sent {"src":"n0","dest":"c2","body":{"echo":"Please echo 59","in_reply_to":11,"msg_id":11,"type":"echo_ok"}}
2023/03/15 21:57:36 Received {c2 n0 {"echo":"Please echo 113","type":"echo","msg_id":12}}
2023/03/15 21:57:36 Sent {"src":"n0","dest":"c2","body":{"echo":"Please echo 113","in_reply_to":12,"msg_id":12,"type":"echo_ok"}}
2023/03/15 21:57:37 Received {c2 n0 {"echo":"Please echo 83","type":"echo","msg_id":13}}
2023/03/15 21:57:37 Sent {"src":"n0","dest":"c2","body":{"echo":"Please echo 83","in_reply_to":13,"msg_id":13,"type":"echo_ok"}}
2023/03/15 21:57:37 Received {c2 n0 {"echo":"Please echo 107","type":"echo","msg_id":14}}
2023/03/15 21:57:37 Sent {"src":"n0","dest":"c2","body":{"echo":"Please echo 107","in_reply_to":14,"msg_id":14,"type":"echo_ok"}}
2023/03/15 21:57:37 Received {c2 n0 {"echo":"Please echo 107","type":"echo","msg_id":15}}
2023/03/15 21:57:37 Sent {"src":"n0","dest":"c2","body":{"echo":"Please echo 107","in_reply_to":15,"msg_id":15,"type":"echo_ok"}}
2023/03/15 21:57:37 Received {c2 n0 {"echo":"Please echo 81","type":"echo","msg_id":16}}
2023/03/15 21:57:37 Sent {"src":"n0","dest":"c2","body":{"echo":"Please echo 81","in_reply_to":16,"msg_id":16,"type":"echo_ok"}}
2023/03/15 21:57:37 Received {c2 n0 {"echo":"Please echo 22","type":"echo","msg_id":17}}
2023/03/15 21:57:37 Sent {"src":"n0","dest":"c2","body":{"echo":"Please echo 22","in_reply_to":17,"msg_id":17,"type":"echo_ok"}}
2023/03/15 21:57:38 Received {c2 n0 {"echo":"Please echo 38","type":"echo","msg_id":18}}
2023/03/15 21:57:38 Sent {"src":"n0","dest":"c2","body":{"echo":"Please echo 38","in_reply_to":18,"msg_id":18,"type":"echo_ok"}}
2023/03/15 21:57:38 Received {c2 n0 {"echo":"Please echo 7","type":"echo","msg_id":19}}
2023/03/15 21:57:38 Sent {"src":"n0","dest":"c2","body":{"echo":"Please echo 7","in_reply_to":19,"msg_id":19,"type":"echo_ok"}}
2023/03/15 21:57:38 Received {c2 n0 {"echo":"Please echo 10","type":"echo","msg_id":20}}
2023/03/15 21:57:38 Sent {"src":"n0","dest":"c2","body":{"echo":"Please echo 10","in_reply_to":20,"msg_id":20,"type":"echo_ok"}}
2023/03/15 21:57:38 Received {c2 n0 {"echo":"Please echo 21","type":"echo","msg_id":21}}
2023/03/15 21:57:38 Sent {"src":"n0","dest":"c2","body":{"echo":"Please echo 21","in_reply_to":21,"msg_id":21,"type":"echo_ok"}}
2023/03/15 21:57:38 Received {c2 n0 {"echo":"Please echo 82","type":"echo","msg_id":22}}
2023/03/15 21:57:38 Sent {"src":"n0","dest":"c2","body":{"echo":"Please echo 82","in_reply_to":22,"msg_id":22,"type":"echo_ok"}}
2023/03/15 21:57:39 Received {c2 n0 {"echo":"Please echo 117","type":"echo","msg_id":23}}
2023/03/15 21:57:39 Sent {"src":"n0","dest":"c2","body":{"echo":"Please echo 117","in_reply_to":23,"msg_id":23,"type":"echo_ok"}}
2023/03/15 21:57:39 Received {c2 n0 {"echo":"Please echo 52","type":"echo","msg_id":24}}
2023/03/15 21:57:39 Sent {"src":"n0","dest":"c2","body":{"echo":"Please echo 52","in_reply_to":24,"msg_id":24,"type":"echo_ok"}}
2023/03/15 21:57:39 Received {c2 n0 {"echo":"Please echo 84","type":"echo","msg_id":25}}
2023/03/15 21:57:39 Sent {"src":"n0","dest":"c2","body":{"echo":"Please echo 84","in_reply_to":25,"msg_id":25,"type":"echo_ok"}}
2023/03/15 21:57:39 Received {c2 n0 {"echo":"Please echo 81","type":"echo","msg_id":26}}
2023/03/15 21:57:39 Sent {"src":"n0","dest":"c2","body":{"echo":"Please echo 81","in_reply_to":26,"msg_id":26,"type":"echo_ok"}}
2023/03/15 21:57:40 Received {c2 n0 {"echo":"Please echo 90","type":"echo","msg_id":27}}
2023/03/15 21:57:40 Sent {"src":"n0","dest":"c2","body":{"echo":"Please echo 90","in_reply_to":27,"msg_id":27,"type":"echo_ok"}}
2023/03/15 21:57:40 Received {c2 n0 {"echo":"Please echo 107","type":"echo","msg_id":28}}
2023/03/15 21:57:40 Sent {"src":"n0","dest":"c2","body":{"echo":"Please echo 107","in_reply_to":28,"msg_id":28,"type":"echo_ok"}}
2023/03/15 21:57:40 Received {c2 n0 {"echo":"Please echo 114","type":"echo","msg_id":29}}
2023/03/15 21:57:40 Sent {"src":"n0","dest":"c2","body":{"echo":"Please echo 114","in_reply_to":29,"msg_id":29,"type":"echo_ok"}}
2023/03/15 21:57:40 Received {c2 n0 {"echo":"Please echo 17","type":"echo","msg_id":30}}
2023/03/15 21:57:40 Sent {"src":"n0","dest":"c2","body":{"echo":"Please echo 17","in_reply_to":30,"msg_id":30,"type":"echo_ok"}}
2023/03/15 21:57:41 Received {c2 n0 {"echo":"Please echo 75","type":"echo","msg_id":31}}
2023/03/15 21:57:41 Sent {"src":"n0","dest":"c2","body":{"echo":"Please echo 75","in_reply_to":31,"msg_id":31,"type":"echo_ok"}}
2023/03/15 21:57:41 Received {c2 n0 {"echo":"Please echo 74","type":"echo","msg_id":32}}
2023/03/15 21:57:41 Sent {"src":"n0","dest":"c2","body":{"echo":"Please echo 74","in_reply_to":32,"msg_id":32,"type":"echo_ok"}}
2023/03/15 21:57:41 Received {c2 n0 {"echo":"Please echo 78","type":"echo","msg_id":33}}
2023/03/15 21:57:41 Sent {"src":"n0","dest":"c2","body":{"echo":"Please echo 78","in_reply_to":33,"msg_id":33,"type":"echo_ok"}}
2023/03/15 21:57:41 Received {c2 n0 {"echo":"Please echo 47","type":"echo","msg_id":34}}
2023/03/15 21:57:41 Sent {"src":"n0","dest":"c2","body":{"echo":"Please echo 47","in_reply_to":34,"msg_id":34,"type":"echo_ok"}}
2023/03/15 21:57:41 Received {c2 n0 {"echo":"Please echo 42","type":"echo","msg_id":35}}
2023/03/15 21:57:41 Sent {"src":"n0","dest":"c2","body":{"echo":"Please echo 42","in_reply_to":35,"msg_id":35,"type":"echo_ok"}}
2023/03/15 21:57:42 Received {c2 n0 {"echo":"Please echo 117","type":"echo","msg_id":36}}
2023/03/15 21:57:42 Sent {"src":"n0","dest":"c2","body":{"echo":"Please echo 117","in_reply_to":36,"msg_id":36,"type":"echo_ok"}}
2023/03/15 21:57:42 Received {c2 n0 {"echo":"Please echo 45","type":"echo","msg_id":37}}
2023/03/15 21:57:42 Sent {"src":"n0","dest":"c2","body":{"echo":"Please echo 45","in_reply_to":37,"msg_id":37,"type":"echo_ok"}}
2023/03/15 21:57:42 Received {c2 n0 {"echo":"Please echo 36","type":"echo","msg_id":38}}
2023/03/15 21:57:42 Sent {"src":"n0","dest":"c2","body":{"echo":"Please echo 36","in_reply_to":38,"msg_id":38,"type":"echo_ok"}}
2023/03/15 21:57:42 Received {c2 n0 {"echo":"Please echo 112","type":"echo","msg_id":39}}
2023/03/15 21:57:42 Sent {"src":"n0","dest":"c2","body":{"echo":"Please echo 112","in_reply_to":39,"msg_id":39,"type":"echo_ok"}}
2023/03/15 21:57:43 Received {c2 n0 {"echo":"Please echo 44","type":"echo","msg_id":40}}
2023/03/15 21:57:43 Sent {"src":"n0","dest":"c2","body":{"echo":"Please echo 44","in_reply_to":40,"msg_id":40,"type":"echo_ok"}}
2023/03/15 21:57:43 Received {c2 n0 {"echo":"Please echo 58","type":"echo","msg_id":41}}
2023/03/15 21:57:43 Sent {"src":"n0","dest":"c2","body":{"echo":"Please echo 58","in_reply_to":41,"msg_id":41,"type":"echo_ok"}}
2023/03/15 21:57:43 Received {c2 n0 {"echo":"Please echo 9","type":"echo","msg_id":42}}
2023/03/15 21:57:43 Sent {"src":"n0","dest":"c2","body":{"echo":"Please echo 9","in_reply_to":42,"msg_id":42,"type":"echo_ok"}}
2023/03/15 21:57:43 Received {c2 n0 {"echo":"Please echo 54","type":"echo","msg_id":43}}
2023/03/15 21:57:43 Sent {"src":"n0","dest":"c2","body":{"echo":"Please echo 54","in_reply_to":43,"msg_id":43,"type":"echo_ok"}}
2023/03/15 21:57:44 Received {c2 n0 {"echo":"Please echo 13","type":"echo","msg_id":44}}
2023/03/15 21:57:44 Sent {"src":"n0","dest":"c2","body":{"echo":"Please echo 13","in_reply_to":44,"msg_id":44,"type":"echo_ok"}}
2023/03/15 21:57:44 Received {c2 n0 {"echo":"Please echo 59","type":"echo","msg_id":45}}
2023/03/15 21:57:44 Sent {"src":"n0","dest":"c2","body":{"echo":"Please echo 59","in_reply_to":45,"msg_id":45,"type":"echo_ok"}}
