2023-03-16 00:02:30,117{GMT}	INFO	[jepsen test runner] jepsen.core: Command line:
lein run test -w broadcast --bin /Users/silicon/go/bin/maelstrom-broadcast --node-count 1 --time-limit 20 --rate 10
2023-03-16 00:02:30,174{GMT}	INFO	[jepsen test runner] jepsen.core: Running test:
{:args []
 :remote
 #jepsen.control.retry.Remote{:remote #jepsen.control.scp.Remote{:cmd-remote #jepsen.control.sshj.SSHJRemote{:concurrency-limit 6,
                                                                                                             :conn-spec nil,
                                                                                                             :client nil,
                                                                                                             :semaphore nil},
                                                                 :conn-spec nil},
                              :conn nil}
 :log-net-send false
 :node-count 1
 :availability nil
 :max-txn-length 4
 :concurrency 1
 :db
 #object[maelstrom.db$db$reify__16142
         "0x29cd48bd"
         "maelstrom.db$db$reify__16142@29cd48bd"]
 :max-writes-per-key 16
 :leave-db-running? false
 :name "broadcast"
 :logging-json? false
 :start-time
 #object[org.joda.time.DateTime "0x34d776eb" "2023-03-16T00:02:30.099-07:00"]
 :nemesis-interval 10
 :net
 #object[maelstrom.net$jepsen_net$reify__15251
         "0x60a3a0fa"
         "maelstrom.net$jepsen_net$reify__15251@60a3a0fa"]
 :client
 #object[maelstrom.workload.broadcast$client$reify__16644
         "0x17734113"
         "maelstrom.workload.broadcast$client$reify__16644@17734113"]
 :barrier
 #object[java.util.concurrent.CyclicBarrier
         "0x27aa700"
         "java.util.concurrent.CyclicBarrier@27aa700"]
 :log-stderr false
 :pure-generators true
 :ssh {:dummy? true}
 :rate 10.0
 :checker
 #object[jepsen.checker$compose$reify__11881
         "0xd15f98a"
         "jepsen.checker$compose$reify__11881@d15f98a"]
 :argv
 ("test"
  "-w"
  "broadcast"
  "--bin"
  "/Users/silicon/go/bin/maelstrom-broadcast"
  "--node-count"
  "1"
  "--time-limit"
  "20"
  "--rate"
  "10")
 :nemesis
 (jepsen.nemesis.ReflCompose
  {:fm {:start-partition 0,
        :stop-partition 0,
        :kill 1,
        :start 1,
        :pause 1,
        :resume 1},
   :nemeses [#unprintable "jepsen.nemesis.combined$partition_nemesis$reify__16416@704c3ca2"
             #unprintable "jepsen.nemesis.combined$db_nemesis$reify__16397@7d3a9061"]})
 :nodes ["n0"]
 :test-count 1
 :latency {:mean 0, :dist :constant}
 :bin "/Users/silicon/go/bin/maelstrom-broadcast"
 :generator
 ((jepsen.generator.Synchronize
   {:gen (jepsen.generator.TimeLimit
          {:limit 20000000000,
           :cutoff nil,
           :gen (jepsen.generator.Any
                 {:gens [(jepsen.generator.OnThreads
                          {:f #{:nemesis},
                           :context-filter #object[jepsen.generator.context$make_thread_filter$lazy_filter__9167
                                                   "0x1dc47df3"
                                                   "jepsen.generator.context$make_thread_filter$lazy_filter__9167@1dc47df3"],
                           :gen nil})
                         (jepsen.generator.OnThreads
                          {:f #jepsen.generator.context.AllBut{:element :nemesis},
                           :context-filter #object[jepsen.generator.context$make_thread_filter$lazy_filter__9167
                                                   "0x256a25a8"
                                                   "jepsen.generator.context$make_thread_filter$lazy_filter__9167@256a25a8"],
                           :gen (jepsen.generator.Stagger
                                 {:dt 200000000,
                                  :next-time nil,
                                  :gen (jepsen.generator.Mix
                                        {:i 1,
                                         :gens [({:f :broadcast, :value 0}
                                                 {:f :broadcast, :value 1}
                                                 {:f :broadcast, :value 2}
                                                 {:f :broadcast, :value 3}
                                                 {:f :broadcast, :value 4}
                                                 {:f :broadcast, :value 5}
                                                 {:f :broadcast, :value 6}
                                                 {:f :broadcast, :value 7}
                                                 ...)
                                                ({:f :read}
                                                 {:f :read}
                                                 {:f :read}
                                                 {:f :read}
                                                 {:f :read}
                                                 {:f :read}
                                                 {:f :read}
                                                 {:f :read}
                                                 ...)]})})})]})})})
  (jepsen.generator.Synchronize
   {:gen (jepsen.generator.OnThreads
          {:f #{:nemesis},
           :context-filter #object[jepsen.generator.context$make_thread_filter$lazy_filter__9167
                                   "0x5bd585a5"
                                   "jepsen.generator.context$make_thread_filter$lazy_filter__9167@5bd585a5"],
           :gen ()})})
  (jepsen.generator.Synchronize
   {:gen {:type :log, :value "Waiting for recovery..."}})
  (jepsen.generator.Synchronize {:gen {:type :sleep, :value 10}})
  (jepsen.generator.Synchronize
   {:gen (jepsen.generator.OnThreads
          {:f #jepsen.generator.context.AllBut{:element :nemesis},
           :context-filter #object[jepsen.generator.context$make_thread_filter$lazy_filter__9167
                                   "0x65c040c9"
                                   "jepsen.generator.context$make_thread_filter$lazy_filter__9167@65c040c9"],
           :gen (jepsen.generator.EachThread
                 {:fresh-gen {:f :read, :final? true},
                  :context-filters #object[clojure.core$promise$reify__8591
                                           "0x11736ebc"
                                           {:status :pending, :val nil}],
                  :gens {}})})}))
 :log-net-recv false
 :os
 #object[maelstrom.net$jepsen_os$reify__15254
         "0x4a03c4bc"
         "maelstrom.net$jepsen_os$reify__15254@4a03c4bc"]
 :time-limit 20
 :workload :broadcast
 :consistency-models [:strict-serializable]
 :topology :grid}

2023-03-16 00:02:31,008{GMT}	INFO	[jepsen node n0] maelstrom.net: Starting Maelstrom network
2023-03-16 00:02:31,009{GMT}	INFO	[jepsen test runner] jepsen.db: Tearing down DB
2023-03-16 00:02:31,009{GMT}	INFO	[jepsen test runner] jepsen.db: Setting up DB
2023-03-16 00:02:31,011{GMT}	INFO	[jepsen node n0] maelstrom.service: Starting services: (lin-kv lin-tso lww-kv seq-kv)
2023-03-16 00:02:31,011{GMT}	INFO	[jepsen node n0] maelstrom.db: Setting up n0
2023-03-16 00:02:31,012{GMT}	INFO	[jepsen node n0] maelstrom.process: launching /Users/silicon/go/bin/maelstrom-broadcast []
2023-03-16 00:02:31,071{GMT}	INFO	[jepsen test runner] jepsen.core: Relative time begins now
2023-03-16 00:02:31,081{GMT}	INFO	[jepsen node n0] maelstrom.db: Tearing down n0
2023-03-16 00:02:33,024{GMT}	INFO	[jepsen node n0] maelstrom.net: Shutting down Maelstrom network
2023-03-16 00:02:33,028{GMT}	WARN	[jepsen test runner] jepsen.core: Test crashed!
clojure.lang.ExceptionInfo: throw+: {:type :rpc-error, :code 13, :name :crash, :definite? false, :body {:code 13, :in_reply_to 1, :text "json: cannot unmarshal string into Go value of type []string", :type "error"}}
	at slingshot.support$stack_trace.invoke(support.clj:201)
	at maelstrom.client$throw_errors_BANG_.invokeStatic(client.clj:133)
	at maelstrom.client$throw_errors_BANG_.invoke(client.clj:125)
	at maelstrom.client$rpc_BANG_.invokeStatic(client.clj:150)
	at maelstrom.client$rpc_BANG_.invoke(client.clj:140)
	at maelstrom.workload.broadcast$fn__16554$topology_BANG___16555.invoke(broadcast.clj:19)
	at maelstrom.workload.broadcast$fn__16554$topology_BANG___16555.invoke(broadcast.clj:19)
	at maelstrom.workload.broadcast$client$reify__16644.setup_BANG_(broadcast.clj:197)
	at jepsen.core$run_case_BANG_$fn__13021.invoke(core.clj:212)
	at dom_top.core$real_pmap_helper$build_thread__211$fn__212.invoke(core.clj:163)
	at clojure.lang.AFn.applyToHelper(AFn.java:152)
	at clojure.lang.AFn.applyTo(AFn.java:144)
	at clojure.core$apply.invokeStatic(core.clj:667)
	at clojure.core$with_bindings_STAR_.invokeStatic(core.clj:1990)
	at clojure.core$with_bindings_STAR_.doInvoke(core.clj:1990)
	at clojure.lang.RestFn.invoke(RestFn.java:425)
	at clojure.lang.AFn.applyToHelper(AFn.java:156)
	at clojure.lang.RestFn.applyTo(RestFn.java:132)
	at clojure.core$apply.invokeStatic(core.clj:671)
	at clojure.core$bound_fn_STAR_$fn__5818.doInvoke(core.clj:2020)
	at clojure.lang.RestFn.invoke(RestFn.java:397)
	at clojure.lang.AFn.run(AFn.java:22)
	at java.base/java.lang.Thread.run(Thread.java:1589)
