2023/03/15 22:02:08 Received {c0 n0 {"type":"init","node_id":"n0","node_ids":["n0"],"msg_id":1}}
2023/03/15 22:02:08 Node n0 initialized
2023/03/15 22:02:08 Sent {"src":"n0","dest":"c0","body":{"in_reply_to":1,"type":"init_ok"}}
2023/03/15 22:02:08 Received {c2 n0 {"echo":"Please echo 25","type":"echo","msg_id":1}}
2023/03/15 22:02:08 Sent {"src":"n0","dest":"c2","body":{"echo":"Please echo 25","in_reply_to":1,"msg_id":1,"type":"echo"}}
2023/03/15 22:02:09 Received {c3 n0 {"echo":"Please echo 55","type":"echo","msg_id":1}}
2023/03/15 22:02:09 Sent {"src":"n0","dest":"c3","body":{"echo":"Please echo 55","in_reply_to":1,"msg_id":1,"type":"echo"}}
2023/03/15 22:02:09 Received {c4 n0 {"echo":"Please echo 36","type":"echo","msg_id":1}}
2023/03/15 22:02:09 Sent {"src":"n0","dest":"c4","body":{"echo":"Please echo 36","in_reply_to":1,"msg_id":1,"type":"echo"}}
2023/03/15 22:02:09 Received {c5 n0 {"echo":"Please echo 92","type":"echo","msg_id":1}}
2023/03/15 22:02:09 Sent {"src":"n0","dest":"c5","body":{"echo":"Please echo 92","in_reply_to":1,"msg_id":1,"type":"echo"}}
2023/03/15 22:02:09 Received {c6 n0 {"echo":"Please echo 124","type":"echo","msg_id":1}}
2023/03/15 22:02:09 Sent {"src":"n0","dest":"c6","body":{"echo":"Please echo 124","in_reply_to":1,"msg_id":1,"type":"echo"}}
2023/03/15 22:02:10 Received {c7 n0 {"echo":"Please echo 36","type":"echo","msg_id":1}}
2023/03/15 22:02:10 Sent {"src":"n0","dest":"c7","body":{"echo":"Please echo 36","in_reply_to":1,"msg_id":1,"type":"echo"}}
2023/03/15 22:02:10 Received {c8 n0 {"echo":"Please echo 117","type":"echo","msg_id":1}}
2023/03/15 22:02:10 Sent {"src":"n0","dest":"c8","body":{"echo":"Please echo 117","in_reply_to":1,"msg_id":1,"type":"echo"}}
2023/03/15 22:02:10 Received {c9 n0 {"echo":"Please echo 84","type":"echo","msg_id":1}}
2023/03/15 22:02:10 Sent {"src":"n0","dest":"c9","body":{"echo":"Please echo 84","in_reply_to":1,"msg_id":1,"type":"echo"}}
2023/03/15 22:02:10 Received {c10 n0 {"echo":"Please echo 50","type":"echo","msg_id":1}}
2023/03/15 22:02:10 Sent {"src":"n0","dest":"c10","body":{"echo":"Please echo 50","in_reply_to":1,"msg_id":1,"type":"echo"}}
2023/03/15 22:02:11 Received {c11 n0 {"echo":"Please echo 114","type":"echo","msg_id":1}}
2023/03/15 22:02:11 Sent {"src":"n0","dest":"c11","body":{"echo":"Please echo 114","in_reply_to":1,"msg_id":1,"type":"echo"}}
2023/03/15 22:02:11 Received {c12 n0 {"echo":"Please echo 90","type":"echo","msg_id":1}}
2023/03/15 22:02:11 Sent {"src":"n0","dest":"c12","body":{"echo":"Please echo 90","in_reply_to":1,"msg_id":1,"type":"echo"}}
2023/03/15 22:02:11 Received {c13 n0 {"echo":"Please echo 109","type":"echo","msg_id":1}}
2023/03/15 22:02:11 Sent {"src":"n0","dest":"c13","body":{"echo":"Please echo 109","in_reply_to":1,"msg_id":1,"type":"echo"}}
2023/03/15 22:02:11 Received {c14 n0 {"echo":"Please echo 77","type":"echo","msg_id":1}}
2023/03/15 22:02:11 Sent {"src":"n0","dest":"c14","body":{"echo":"Please echo 77","in_reply_to":1,"msg_id":1,"type":"echo"}}
2023/03/15 22:02:12 Received {c15 n0 {"echo":"Please echo 11","type":"echo","msg_id":1}}
2023/03/15 22:02:12 Sent {"src":"n0","dest":"c15","body":{"echo":"Please echo 11","in_reply_to":1,"msg_id":1,"type":"echo"}}
2023/03/15 22:02:12 Received {c16 n0 {"echo":"Please echo 27","type":"echo","msg_id":1}}
2023/03/15 22:02:12 Sent {"src":"n0","dest":"c16","body":{"echo":"Please echo 27","in_reply_to":1,"msg_id":1,"type":"echo"}}
2023/03/15 22:02:12 Received {c17 n0 {"echo":"Please echo 57","type":"echo","msg_id":1}}
2023/03/15 22:02:12 Sent {"src":"n0","dest":"c17","body":{"echo":"Please echo 57","in_reply_to":1,"msg_id":1,"type":"echo"}}
2023/03/15 22:02:12 Received {c18 n0 {"echo":"Please echo 28","type":"echo","msg_id":1}}
2023/03/15 22:02:12 Sent {"src":"n0","dest":"c18","body":{"echo":"Please echo 28","in_reply_to":1,"msg_id":1,"type":"echo"}}
2023/03/15 22:02:12 Received {c19 n0 {"echo":"Please echo 83","type":"echo","msg_id":1}}
2023/03/15 22:02:12 Sent {"src":"n0","dest":"c19","body":{"echo":"Please echo 83","in_reply_to":1,"msg_id":1,"type":"echo"}}
2023/03/15 22:02:12 Received {c20 n0 {"echo":"Please echo 69","type":"echo","msg_id":1}}
2023/03/15 22:02:12 Sent {"src":"n0","dest":"c20","body":{"echo":"Please echo 69","in_reply_to":1,"msg_id":1,"type":"echo"}}
2023/03/15 22:02:13 Received {c21 n0 {"echo":"Please echo 89","type":"echo","msg_id":1}}
2023/03/15 22:02:13 Sent {"src":"n0","dest":"c21","body":{"echo":"Please echo 89","in_reply_to":1,"msg_id":1,"type":"echo"}}
2023/03/15 22:02:13 Received {c22 n0 {"echo":"Please echo 115","type":"echo","msg_id":1}}
2023/03/15 22:02:13 Sent {"src":"n0","dest":"c22","body":{"echo":"Please echo 115","in_reply_to":1,"msg_id":1,"type":"echo"}}
2023/03/15 22:02:13 Received {c23 n0 {"echo":"Please echo 65","type":"echo","msg_id":1}}
2023/03/15 22:02:13 Sent {"src":"n0","dest":"c23","body":{"echo":"Please echo 65","in_reply_to":1,"msg_id":1,"type":"echo"}}
2023/03/15 22:02:13 Received {c24 n0 {"echo":"Please echo 26","type":"echo","msg_id":1}}
2023/03/15 22:02:13 Sent {"src":"n0","dest":"c24","body":{"echo":"Please echo 26","in_reply_to":1,"msg_id":1,"type":"echo"}}
2023/03/15 22:02:13 Received {c25 n0 {"echo":"Please echo 10","type":"echo","msg_id":1}}
2023/03/15 22:02:13 Sent {"src":"n0","dest":"c25","body":{"echo":"Please echo 10","in_reply_to":1,"msg_id":1,"type":"echo"}}
2023/03/15 22:02:14 Received {c26 n0 {"echo":"Please echo 85","type":"echo","msg_id":1}}
2023/03/15 22:02:14 Sent {"src":"n0","dest":"c26","body":{"echo":"Please echo 85","in_reply_to":1,"msg_id":1,"type":"echo"}}
2023/03/15 22:02:14 Received {c27 n0 {"echo":"Please echo 120","type":"echo","msg_id":1}}
2023/03/15 22:02:14 Sent {"src":"n0","dest":"c27","body":{"echo":"Please echo 120","in_reply_to":1,"msg_id":1,"type":"echo"}}
2023/03/15 22:02:14 Received {c28 n0 {"echo":"Please echo 6","type":"echo","msg_id":1}}
2023/03/15 22:02:14 Sent {"src":"n0","dest":"c28","body":{"echo":"Please echo 6","in_reply_to":1,"msg_id":1,"type":"echo"}}
2023/03/15 22:02:14 Received {c29 n0 {"echo":"Please echo 26","type":"echo","msg_id":1}}
2023/03/15 22:02:14 Sent {"src":"n0","dest":"c29","body":{"echo":"Please echo 26","in_reply_to":1,"msg_id":1,"type":"echo"}}
2023/03/15 22:02:15 Received {c30 n0 {"echo":"Please echo 53","type":"echo","msg_id":1}}
2023/03/15 22:02:15 Sent {"src":"n0","dest":"c30","body":{"echo":"Please echo 53","in_reply_to":1,"msg_id":1,"type":"echo"}}
2023/03/15 22:02:15 Received {c31 n0 {"echo":"Please echo 39","type":"echo","msg_id":1}}
2023/03/15 22:02:15 Sent {"src":"n0","dest":"c31","body":{"echo":"Please echo 39","in_reply_to":1,"msg_id":1,"type":"echo"}}
2023/03/15 22:02:15 Received {c32 n0 {"echo":"Please echo 20","type":"echo","msg_id":1}}
2023/03/15 22:02:15 Sent {"src":"n0","dest":"c32","body":{"echo":"Please echo 20","in_reply_to":1,"msg_id":1,"type":"echo"}}
