2023/03/16 00:13:32 Received {c0 n0 {"type":"init","node_id":"n0","node_ids":["n0"],"msg_id":1}}
2023/03/16 00:13:32 Node n0 initialized
2023/03/16 00:13:32 Sent {"src":"n0","dest":"c0","body":{"in_reply_to":1,"type":"init_ok"}}
2023/03/16 00:13:32 Received {c1 n0 {"type":"topology","topology":{"n0":[]},"msg_id":1}}
2023/03/16 00:13:32 Sent {"src":"n0","dest":"c1","body":{"in_reply_to":1,"type":"topology_ok"}}
2023/03/16 00:13:32 Received {c2 n0 {"type":"broadcast","message":0,"msg_id":1}}
2023/03/16 00:13:32 Sent {"src":"n0","dest":"c2","body":{"in_reply_to":1,"type":"broadcast_ok"}}
2023/03/16 00:13:32 Received {c2 n0 {"type":"broadcast","message":1,"msg_id":2}}
2023/03/16 00:13:32 Sent {"src":"n0","dest":"c2","body":{"in_reply_to":2,"type":"broadcast_ok"}}
2023/03/16 00:13:32 Received {c2 n0 {"type":"read","msg_id":3}}
2023/03/16 00:13:32 Sent {"src":"n0","dest":"c2","body":{"ids":[0,1],"in_reply_to":3,"type":"read_ok"}}
2023/03/16 00:13:33 Received {c3 n0 {"type":"read","msg_id":1}}
2023/03/16 00:13:33 Sent {"src":"n0","dest":"c3","body":{"ids":[0,1],"in_reply_to":1,"type":"read_ok"}}
2023/03/16 00:13:33 Received {c4 n0 {"type":"read","msg_id":1}}
2023/03/16 00:13:33 Sent {"src":"n0","dest":"c4","body":{"ids":[0,1],"in_reply_to":1,"type":"read_ok"}}
2023/03/16 00:13:33 Received {c5 n0 {"type":"broadcast","message":2,"msg_id":1}}
2023/03/16 00:13:33 Sent {"src":"n0","dest":"c5","body":{"in_reply_to":1,"type":"broadcast_ok"}}
2023/03/16 00:13:33 Received {c5 n0 {"type":"read","msg_id":2}}
2023/03/16 00:13:33 Sent {"src":"n0","dest":"c5","body":{"ids":[0,1,2],"in_reply_to":2,"type":"read_ok"}}
2023/03/16 00:13:33 Received {c6 n0 {"type":"read","msg_id":1}}
2023/03/16 00:13:33 Sent {"src":"n0","dest":"c6","body":{"ids":[0,1,2],"in_reply_to":1,"type":"read_ok"}}
2023/03/16 00:13:33 Received {c7 n0 {"type":"broadcast","message":3,"msg_id":1}}
2023/03/16 00:13:33 Sent {"src":"n0","dest":"c7","body":{"in_reply_to":1,"type":"broadcast_ok"}}
2023/03/16 00:13:33 Received {c7 n0 {"type":"broadcast","message":4,"msg_id":2}}
2023/03/16 00:13:33 Sent {"src":"n0","dest":"c7","body":{"in_reply_to":2,"type":"broadcast_ok"}}
2023/03/16 00:13:33 Received {c7 n0 {"type":"read","msg_id":3}}
2023/03/16 00:13:33 Sent {"src":"n0","dest":"c7","body":{"ids":[0,1,2,3,4],"in_reply_to":3,"type":"read_ok"}}
2023/03/16 00:13:34 Received {c8 n0 {"type":"read","msg_id":1}}
2023/03/16 00:13:34 Sent {"src":"n0","dest":"c8","body":{"ids":[0,1,2,3,4],"in_reply_to":1,"type":"read_ok"}}
2023/03/16 00:13:34 Received {c9 n0 {"type":"broadcast","message":5,"msg_id":1}}
2023/03/16 00:13:34 Sent {"src":"n0","dest":"c9","body":{"in_reply_to":1,"type":"broadcast_ok"}}
2023/03/16 00:13:34 Received {c9 n0 {"type":"read","msg_id":2}}
2023/03/16 00:13:34 Sent {"src":"n0","dest":"c9","body":{"ids":[0,1,2,3,4,5],"in_reply_to":2,"type":"read_ok"}}
2023/03/16 00:13:34 Received {c10 n0 {"type":"broadcast","message":6,"msg_id":1}}
2023/03/16 00:13:34 Sent {"src":"n0","dest":"c10","body":{"in_reply_to":1,"type":"broadcast_ok"}}
2023/03/16 00:13:34 Received {c10 n0 {"type":"read","msg_id":2}}
2023/03/16 00:13:34 Sent {"src":"n0","dest":"c10","body":{"ids":[0,1,2,3,4,5,6],"in_reply_to":2,"type":"read_ok"}}
2023/03/16 00:13:34 Received {c11 n0 {"type":"broadcast","message":7,"msg_id":1}}
2023/03/16 00:13:34 Sent {"src":"n0","dest":"c11","body":{"in_reply_to":1,"type":"broadcast_ok"}}
2023/03/16 00:13:34 Received {c11 n0 {"type":"read","msg_id":2}}
2023/03/16 00:13:34 Sent {"src":"n0","dest":"c11","body":{"ids":[0,1,2,3,4,5,6,7],"in_reply_to":2,"type":"read_ok"}}
2023/03/16 00:13:34 Received {c12 n0 {"type":"broadcast","message":8,"msg_id":1}}
2023/03/16 00:13:34 Sent {"src":"n0","dest":"c12","body":{"in_reply_to":1,"type":"broadcast_ok"}}
2023/03/16 00:13:34 Received {c12 n0 {"type":"broadcast","message":9,"msg_id":2}}
2023/03/16 00:13:34 Sent {"src":"n0","dest":"c12","body":{"in_reply_to":2,"type":"broadcast_ok"}}
2023/03/16 00:13:34 Received {c12 n0 {"type":"broadcast","message":10,"msg_id":3}}
2023/03/16 00:13:34 Sent {"src":"n0","dest":"c12","body":{"in_reply_to":3,"type":"broadcast_ok"}}
2023/03/16 00:13:34 Received {c12 n0 {"type":"broadcast","message":11,"msg_id":4}}
2023/03/16 00:13:34 Sent {"src":"n0","dest":"c12","body":{"in_reply_to":4,"type":"broadcast_ok"}}
2023/03/16 00:13:35 Received {c12 n0 {"type":"read","msg_id":5}}
2023/03/16 00:13:35 Sent {"src":"n0","dest":"c12","body":{"ids":[0,1,2,3,4,5,6,7,8,9,10,11],"in_reply_to":5,"type":"read_ok"}}
2023/03/16 00:13:35 Received {c13 n0 {"type":"broadcast","message":12,"msg_id":1}}
2023/03/16 00:13:35 Sent {"src":"n0","dest":"c13","body":{"in_reply_to":1,"type":"broadcast_ok"}}
2023/03/16 00:13:35 Received {c13 n0 {"type":"broadcast","message":13,"msg_id":2}}
2023/03/16 00:13:35 Sent {"src":"n0","dest":"c13","body":{"in_reply_to":2,"type":"broadcast_ok"}}
2023/03/16 00:13:35 Received {c13 n0 {"type":"broadcast","message":14,"msg_id":3}}
2023/03/16 00:13:35 Sent {"src":"n0","dest":"c13","body":{"in_reply_to":3,"type":"broadcast_ok"}}
2023/03/16 00:13:35 Received {c13 n0 {"type":"broadcast","message":15,"msg_id":4}}
2023/03/16 00:13:35 Sent {"src":"n0","dest":"c13","body":{"in_reply_to":4,"type":"broadcast_ok"}}
2023/03/16 00:13:35 Received {c13 n0 {"type":"read","msg_id":5}}
2023/03/16 00:13:35 Sent {"src":"n0","dest":"c13","body":{"ids":[0,1,2,3,4,5,6,7,8,9,10,11,12,13,14,15],"in_reply_to":5,"type":"read_ok"}}
2023/03/16 00:13:35 Received {c14 n0 {"type":"broadcast","message":16,"msg_id":1}}
2023/03/16 00:13:35 Sent {"src":"n0","dest":"c14","body":{"in_reply_to":1,"type":"broadcast_ok"}}
2023/03/16 00:13:35 Received {c14 n0 {"type":"broadcast","message":17,"msg_id":2}}
2023/03/16 00:13:35 Sent {"src":"n0","dest":"c14","body":{"in_reply_to":2,"type":"broadcast_ok"}}
2023/03/16 00:13:35 Received {c14 n0 {"type":"broadcast","message":18,"msg_id":3}}
2023/03/16 00:13:35 Sent {"src":"n0","dest":"c14","body":{"in_reply_to":3,"type":"broadcast_ok"}}
2023/03/16 00:13:36 Received {c14 n0 {"type":"broadcast","message":19,"msg_id":4}}
2023/03/16 00:13:36 Sent {"src":"n0","dest":"c14","body":{"in_reply_to":4,"type":"broadcast_ok"}}
2023/03/16 00:13:36 Received {c14 n0 {"type":"read","msg_id":5}}
2023/03/16 00:13:36 Sent {"src":"n0","dest":"c14","body":{"ids":[0,1,2,3,4,5,6,7,8,9,10,11,12,13,14,15,16,17,18,19],"in_reply_to":5,"type":"read_ok"}}
2023/03/16 00:13:36 Received {c15 n0 {"type":"broadcast","message":20,"msg_id":1}}
2023/03/16 00:13:36 Sent {"src":"n0","dest":"c15","body":{"in_reply_to":1,"type":"broadcast_ok"}}
2023/03/16 00:13:36 Received {c15 n0 {"type":"read","msg_id":2}}
2023/03/16 00:13:36 Sent {"src":"n0","dest":"c15","body":{"ids":[0,1,2,3,4,5,6,7,8,9,10,11,12,13,14,15,16,17,18,19,20],"in_reply_to":2,"type":"read_ok"}}
2023/03/16 00:13:36 Received {c16 n0 {"type":"read","msg_id":1}}
2023/03/16 00:13:36 Sent {"src":"n0","dest":"c16","body":{"ids":[0,1,2,3,4,5,6,7,8,9,10,11,12,13,14,15,16,17,18,19,20],"in_reply_to":1,"type":"read_ok"}}
2023/03/16 00:13:36 Received {c17 n0 {"type":"broadcast","message":21,"msg_id":1}}
2023/03/16 00:13:36 Sent {"src":"n0","dest":"c17","body":{"in_reply_to":1,"type":"broadcast_ok"}}
2023/03/16 00:13:36 Received {c17 n0 {"type":"read","msg_id":2}}
2023/03/16 00:13:36 Sent {"src":"n0","dest":"c17","body":{"ids":[0,1,2,3,4,5,6,7,8,9,10,11,12,13,14,15,16,17,18,19,20,21],"in_reply_to":2,"type":"read_ok"}}
2023/03/16 00:13:36 Received {c18 n0 {"type":"read","msg_id":1}}
2023/03/16 00:13:36 Sent {"src":"n0","dest":"c18","body":{"ids":[0,1,2,3,4,5,6,7,8,9,10,11,12,13,14,15,16,17,18,19,20,21],"in_reply_to":1,"type":"read_ok"}}
2023/03/16 00:13:36 Received {c19 n0 {"type":"read","msg_id":1}}
2023/03/16 00:13:36 Sent {"src":"n0","dest":"c19","body":{"ids":[0,1,2,3,4,5,6,7,8,9,10,11,12,13,14,15,16,17,18,19,20,21],"in_reply_to":1,"type":"read_ok"}}
2023/03/16 00:13:36 Received {c20 n0 {"type":"read","msg_id":1}}
2023/03/16 00:13:36 Sent {"src":"n0","dest":"c20","body":{"ids":[0,1,2,3,4,5,6,7,8,9,10,11,12,13,14,15,16,17,18,19,20,21],"in_reply_to":1,"type":"read_ok"}}
2023/03/16 00:13:36 Received {c21 n0 {"type":"broadcast","message":22,"msg_id":1}}
2023/03/16 00:13:36 Sent {"src":"n0","dest":"c21","body":{"in_reply_to":1,"type":"broadcast_ok"}}
2023/03/16 00:13:37 Received {c21 n0 {"type":"read","msg_id":2}}
2023/03/16 00:13:37 Sent {"src":"n0","dest":"c21","body":{"ids":[0,1,2,3,4,5,6,7,8,9,10,11,12,13,14,15,16,17,18,19,20,21,22],"in_reply_to":2,"type":"read_ok"}}
2023/03/16 00:13:37 Received {c22 n0 {"type":"broadcast","message":23,"msg_id":1}}
2023/03/16 00:13:37 Sent {"src":"n0","dest":"c22","body":{"in_reply_to":1,"type":"broadcast_ok"}}
2023/03/16 00:13:37 Received {c22 n0 {"type":"read","msg_id":2}}
2023/03/16 00:13:37 Sent {"src":"n0","dest":"c22","body":{"ids":[0,1,2,3,4,5,6,7,8,9,10,11,12,13,14,15,16,17,18,19,20,21,22,23],"in_reply_to":2,"type":"read_ok"}}
2023/03/16 00:13:37 Received {c23 n0 {"type":"broadcast","message":24,"msg_id":1}}
2023/03/16 00:13:37 Sent {"src":"n0","dest":"c23","body":{"in_reply_to":1,"type":"broadcast_ok"}}
2023/03/16 00:13:37 Received {c23 n0 {"type":"read","msg_id":2}}
2023/03/16 00:13:37 Sent {"src":"n0","dest":"c23","body":{"ids":[0,1,2,3,4,5,6,7,8,9,10,11,12,13,14,15,16,17,18,19,20,21,22,23,24],"in_reply_to":2,"type":"read_ok"}}
2023/03/16 00:13:37 Received {c24 n0 {"type":"broadcast","message":25,"msg_id":1}}
2023/03/16 00:13:37 Sent {"src":"n0","dest":"c24","body":{"in_reply_to":1,"type":"broadcast_ok"}}
2023/03/16 00:13:37 Received {c24 n0 {"type":"broadcast","message":26,"msg_id":2}}
2023/03/16 00:13:37 Sent {"src":"n0","dest":"c24","body":{"in_reply_to":2,"type":"broadcast_ok"}}
2023/03/16 00:13:37 Received {c24 n0 {"type":"broadcast","message":27,"msg_id":3}}
2023/03/16 00:13:37 Sent {"src":"n0","dest":"c24","body":{"in_reply_to":3,"type":"broadcast_ok"}}
2023/03/16 00:13:37 Received {c24 n0 {"type":"broadcast","message":28,"msg_id":4}}
2023/03/16 00:13:37 Sent {"src":"n0","dest":"c24","body":{"in_reply_to":4,"type":"broadcast_ok"}}
2023/03/16 00:13:37 Received {c24 n0 {"type":"broadcast","message":29,"msg_id":5}}
2023/03/16 00:13:37 Sent {"src":"n0","dest":"c24","body":{"in_reply_to":5,"type":"broadcast_ok"}}
2023/03/16 00:13:37 Received {c24 n0 {"type":"read","msg_id":6}}
2023/03/16 00:13:37 Sent {"src":"n0","dest":"c24","body":{"ids":[0,1,2,3,4,5,6,7,8,9,10,11,12,13,14,15,16,17,18,19,20,21,22,23,24,25,26,27,28,29],"in_reply_to":6,"type":"read_ok"}}
2023/03/16 00:13:37 Received {c25 n0 {"type":"read","msg_id":1}}
2023/03/16 00:13:37 Sent {"src":"n0","dest":"c25","body":{"ids":[0,1,2,3,4,5,6,7,8,9,10,11,12,13,14,15,16,17,18,19,20,21,22,23,24,25,26,27,28,29],"in_reply_to":1,"type":"read_ok"}}
2023/03/16 00:13:38 Received {c26 n0 {"type":"read","msg_id":1}}
2023/03/16 00:13:38 Sent {"src":"n0","dest":"c26","body":{"ids":[0,1,2,3,4,5,6,7,8,9,10,11,12,13,14,15,16,17,18,19,20,21,22,23,24,25,26,27,28,29],"in_reply_to":1,"type":"read_ok"}}
2023/03/16 00:13:38 Received {c27 n0 {"type":"read","msg_id":1}}
2023/03/16 00:13:38 Sent {"src":"n0","dest":"c27","body":{"ids":[0,1,2,3,4,5,6,7,8,9,10,11,12,13,14,15,16,17,18,19,20,21,22,23,24,25,26,27,28,29],"in_reply_to":1,"type":"read_ok"}}
2023/03/16 00:13:38 Received {c28 n0 {"type":"read","msg_id":1}}
2023/03/16 00:13:38 Sent {"src":"n0","dest":"c28","body":{"ids":[0,1,2,3,4,5,6,7,8,9,10,11,12,13,14,15,16,17,18,19,20,21,22,23,24,25,26,27,28,29],"in_reply_to":1,"type":"read_ok"}}
2023/03/16 00:13:38 Received {c29 n0 {"type":"read","msg_id":1}}
2023/03/16 00:13:38 Sent {"src":"n0","dest":"c29","body":{"ids":[0,1,2,3,4,5,6,7,8,9,10,11,12,13,14,15,16,17,18,19,20,21,22,23,24,25,26,27,28,29],"in_reply_to":1,"type":"read_ok"}}
2023/03/16 00:13:38 Received {c30 n0 {"type":"broadcast","message":30,"msg_id":1}}
2023/03/16 00:13:38 Sent {"src":"n0","dest":"c30","body":{"in_reply_to":1,"type":"broadcast_ok"}}
2023/03/16 00:13:38 Received {c30 n0 {"type":"broadcast","message":31,"msg_id":2}}
2023/03/16 00:13:38 Sent {"src":"n0","dest":"c30","body":{"in_reply_to":2,"type":"broadcast_ok"}}
2023/03/16 00:13:38 Received {c30 n0 {"type":"read","msg_id":3}}
2023/03/16 00:13:38 Sent {"src":"n0","dest":"c30","body":{"ids":[0,1,2,3,4,5,6,7,8,9,10,11,12,13,14,15,16,17,18,19,20,21,22,23,24,25,26,27,28,29,30,31],"in_reply_to":3,"type":"read_ok"}}
2023/03/16 00:13:38 Received {c31 n0 {"type":"broadcast","message":32,"msg_id":1}}
2023/03/16 00:13:38 Sent {"src":"n0","dest":"c31","body":{"in_reply_to":1,"type":"broadcast_ok"}}
2023/03/16 00:13:38 Received {c31 n0 {"type":"read","msg_id":2}}
2023/03/16 00:13:38 Sent {"src":"n0","dest":"c31","body":{"ids":[0,1,2,3,4,5,6,7,8,9,10,11,12,13,14,15,16,17,18,19,20,21,22,23,24,25,26,27,28,29,30,31,32],"in_reply_to":2,"type":"read_ok"}}
2023/03/16 00:13:39 Received {c32 n0 {"type":"broadcast","message":33,"msg_id":1}}
2023/03/16 00:13:39 Sent {"src":"n0","dest":"c32","body":{"in_reply_to":1,"type":"broadcast_ok"}}
2023/03/16 00:13:39 Received {c32 n0 {"type":"broadcast","message":34,"msg_id":2}}
2023/03/16 00:13:39 Sent {"src":"n0","dest":"c32","body":{"in_reply_to":2,"type":"broadcast_ok"}}
2023/03/16 00:13:39 Received {c32 n0 {"type":"broadcast","message":35,"msg_id":3}}
2023/03/16 00:13:39 Sent {"src":"n0","dest":"c32","body":{"in_reply_to":3,"type":"broadcast_ok"}}
2023/03/16 00:13:39 Received {c32 n0 {"type":"read","msg_id":4}}
2023/03/16 00:13:39 Sent {"src":"n0","dest":"c32","body":{"ids":[0,1,2,3,4,5,6,7,8,9,10,11,12,13,14,15,16,17,18,19,20,21,22,23,24,25,26,27,28,29,30,31,32,33,34,35],"in_reply_to":4,"type":"read_ok"}}
2023/03/16 00:13:39 Received {c33 n0 {"type":"read","msg_id":1}}
2023/03/16 00:13:39 Sent {"src":"n0","dest":"c33","body":{"ids":[0,1,2,3,4,5,6,7,8,9,10,11,12,13,14,15,16,17,18,19,20,21,22,23,24,25,26,27,28,29,30,31,32,33,34,35],"in_reply_to":1,"type":"read_ok"}}
2023/03/16 00:13:39 Received {c34 n0 {"type":"broadcast","message":36,"msg_id":1}}
2023/03/16 00:13:39 Sent {"src":"n0","dest":"c34","body":{"in_reply_to":1,"type":"broadcast_ok"}}
2023/03/16 00:13:39 Received {c34 n0 {"type":"read","msg_id":2}}
2023/03/16 00:13:39 Sent {"src":"n0","dest":"c34","body":{"ids":[0,1,2,3,4,5,6,7,8,9,10,11,12,13,14,15,16,17,18,19,20,21,22,23,24,25,26,27,28,29,30,31,32,33,34,35,36],"in_reply_to":2,"type":"read_ok"}}
2023/03/16 00:13:39 Received {c35 n0 {"type":"read","msg_id":1}}
2023/03/16 00:13:39 Sent {"src":"n0","dest":"c35","body":{"ids":[0,1,2,3,4,5,6,7,8,9,10,11,12,13,14,15,16,17,18,19,20,21,22,23,24,25,26,27,28,29,30,31,32,33,34,35,36],"in_reply_to":1,"type":"read_ok"}}
2023/03/16 00:13:39 Received {c36 n0 {"type":"read","msg_id":1}}
2023/03/16 00:13:39 Sent {"src":"n0","dest":"c36","body":{"ids":[0,1,2,3,4,5,6,7,8,9,10,11,12,13,14,15,16,17,18,19,20,21,22,23,24,25,26,27,28,29,30,31,32,33,34,35,36],"in_reply_to":1,"type":"read_ok"}}
2023/03/16 00:13:39 Received {c37 n0 {"type":"read","msg_id":1}}
2023/03/16 00:13:39 Sent {"src":"n0","dest":"c37","body":{"ids":[0,1,2,3,4,5,6,7,8,9,10,11,12,13,14,15,16,17,18,19,20,21,22,23,24,25,26,27,28,29,30,31,32,33,34,35,36],"in_reply_to":1,"type":"read_ok"}}
2023/03/16 00:13:40 Received {c38 n0 {"type":"broadcast","message":37,"msg_id":1}}
2023/03/16 00:13:40 Sent {"src":"n0","dest":"c38","body":{"in_reply_to":1,"type":"broadcast_ok"}}
2023/03/16 00:13:40 Received {c38 n0 {"type":"broadcast","message":38,"msg_id":2}}
2023/03/16 00:13:40 Sent {"src":"n0","dest":"c38","body":{"in_reply_to":2,"type":"broadcast_ok"}}
2023/03/16 00:13:40 Received {c38 n0 {"type":"read","msg_id":3}}
2023/03/16 00:13:40 Sent {"src":"n0","dest":"c38","body":{"ids":[0,1,2,3,4,5,6,7,8,9,10,11,12,13,14,15,16,17,18,19,20,21,22,23,24,25,26,27,28,29,30,31,32,33,34,35,36,37,38],"in_reply_to":3,"type":"read_ok"}}
2023/03/16 00:13:40 Received {c39 n0 {"type":"read","msg_id":1}}
2023/03/16 00:13:40 Sent {"src":"n0","dest":"c39","body":{"ids":[0,1,2,3,4,5,6,7,8,9,10,11,12,13,14,15,16,17,18,19,20,21,22,23,24,25,26,27,28,29,30,31,32,33,34,35,36,37,38],"in_reply_to":1,"type":"read_ok"}}
2023/03/16 00:13:40 Received {c40 n0 {"type":"broadcast","message":39,"msg_id":1}}
2023/03/16 00:13:40 Sent {"src":"n0","dest":"c40","body":{"in_reply_to":1,"type":"broadcast_ok"}}
2023/03/16 00:13:40 Received {c40 n0 {"type":"read","msg_id":2}}
2023/03/16 00:13:40 Sent {"src":"n0","dest":"c40","body":{"ids":[0,1,2,3,4,5,6,7,8,9,10,11,12,13,14,15,16,17,18,19,20,21,22,23,24,25,26,27,28,29,30,31,32,33,34,35,36,37,38,39],"in_reply_to":2,"type":"read_ok"}}
2023/03/16 00:13:40 Received {c41 n0 {"type":"broadcast","message":40,"msg_id":1}}
2023/03/16 00:13:40 Sent {"src":"n0","dest":"c41","body":{"in_reply_to":1,"type":"broadcast_ok"}}
2023/03/16 00:13:40 Received {c41 n0 {"type":"broadcast","message":41,"msg_id":2}}
2023/03/16 00:13:40 Sent {"src":"n0","dest":"c41","body":{"in_reply_to":2,"type":"broadcast_ok"}}
2023/03/16 00:13:40 Received {c41 n0 {"type":"read","msg_id":3}}
2023/03/16 00:13:40 Sent {"src":"n0","dest":"c41","body":{"ids":[0,1,2,3,4,5,6,7,8,9,10,11,12,13,14,15,16,17,18,19,20,21,22,23,24,25,26,27,28,29,30,31,32,33,34,35,36,37,38,39,40,41],"in_reply_to":3,"type":"read_ok"}}
2023/03/16 00:13:40 Received {c42 n0 {"type":"broadcast","message":42,"msg_id":1}}
2023/03/16 00:13:40 Sent {"src":"n0","dest":"c42","body":{"in_reply_to":1,"type":"broadcast_ok"}}
2023/03/16 00:13:40 Received {c42 n0 {"type":"read","msg_id":2}}
2023/03/16 00:13:40 Sent {"src":"n0","dest":"c42","body":{"ids":[0,1,2,3,4,5,6,7,8,9,10,11,12,13,14,15,16,17,18,19,20,21,22,23,24,25,26,27,28,29,30,31,32,33,34,35,36,37,38,39,40,41,42],"in_reply_to":2,"type":"read_ok"}}
2023/03/16 00:13:40 Received {c43 n0 {"type":"broadcast","message":43,"msg_id":1}}
2023/03/16 00:13:40 Sent {"src":"n0","dest":"c43","body":{"in_reply_to":1,"type":"broadcast_ok"}}
2023/03/16 00:13:41 Received {c43 n0 {"type":"read","msg_id":2}}
2023/03/16 00:13:41 Sent {"src":"n0","dest":"c43","body":{"ids":[0,1,2,3,4,5,6,7,8,9,10,11,12,13,14,15,16,17,18,19,20,21,22,23,24,25,26,27,28,29,30,31,32,33,34,35,36,37,38,39,40,41,42,43],"in_reply_to":2,"type":"read_ok"}}
2023/03/16 00:13:41 Received {c44 n0 {"type":"read","msg_id":1}}
2023/03/16 00:13:41 Sent {"src":"n0","dest":"c44","body":{"ids":[0,1,2,3,4,5,6,7,8,9,10,11,12,13,14,15,16,17,18,19,20,21,22,23,24,25,26,27,28,29,30,31,32,33,34,35,36,37,38,39,40,41,42,43],"in_reply_to":1,"type":"read_ok"}}
2023/03/16 00:13:41 Received {c45 n0 {"type":"read","msg_id":1}}
2023/03/16 00:13:41 Sent {"src":"n0","dest":"c45","body":{"ids":[0,1,2,3,4,5,6,7,8,9,10,11,12,13,14,15,16,17,18,19,20,21,22,23,24,25,26,27,28,29,30,31,32,33,34,35,36,37,38,39,40,41,42,43],"in_reply_to":1,"type":"read_ok"}}
2023/03/16 00:13:41 Received {c46 n0 {"type":"broadcast","message":44,"msg_id":1}}
2023/03/16 00:13:41 Sent {"src":"n0","dest":"c46","body":{"in_reply_to":1,"type":"broadcast_ok"}}
2023/03/16 00:13:41 Received {c46 n0 {"type":"read","msg_id":2}}
2023/03/16 00:13:41 Sent {"src":"n0","dest":"c46","body":{"ids":[0,1,2,3,4,5,6,7,8,9,10,11,12,13,14,15,16,17,18,19,20,21,22,23,24,25,26,27,28,29,30,31,32,33,34,35,36,37,38,39,40,41,42,43,44],"in_reply_to":2,"type":"read_ok"}}
2023/03/16 00:13:41 Received {c47 n0 {"type":"broadcast","message":45,"msg_id":1}}
2023/03/16 00:13:41 Sent {"src":"n0","dest":"c47","body":{"in_reply_to":1,"type":"broadcast_ok"}}
2023/03/16 00:13:41 Received {c47 n0 {"type":"read","msg_id":2}}
2023/03/16 00:13:41 Sent {"src":"n0","dest":"c47","body":{"ids":[0,1,2,3,4,5,6,7,8,9,10,11,12,13,14,15,16,17,18,19,20,21,22,23,24,25,26,27,28,29,30,31,32,33,34,35,36,37,38,39,40,41,42,43,44,45],"in_reply_to":2,"type":"read_ok"}}
2023/03/16 00:13:41 Received {c48 n0 {"type":"broadcast","message":46,"msg_id":1}}
2023/03/16 00:13:41 Sent {"src":"n0","dest":"c48","body":{"in_reply_to":1,"type":"broadcast_ok"}}
2023/03/16 00:13:41 Received {c48 n0 {"type":"read","msg_id":2}}
2023/03/16 00:13:41 Sent {"src":"n0","dest":"c48","body":{"ids":[0,1,2,3,4,5,6,7,8,9,10,11,12,13,14,15,16,17,18,19,20,21,22,23,24,25,26,27,28,29,30,31,32,33,34,35,36,37,38,39,40,41,42,43,44,45,46],"in_reply_to":2,"type":"read_ok"}}
2023/03/16 00:13:42 Received {c49 n0 {"type":"broadcast","message":47,"msg_id":1}}
2023/03/16 00:13:42 Sent {"src":"n0","dest":"c49","body":{"in_reply_to":1,"type":"broadcast_ok"}}
2023/03/16 00:13:42 Received {c49 n0 {"type":"broadcast","message":48,"msg_id":2}}
2023/03/16 00:13:42 Sent {"src":"n0","dest":"c49","body":{"in_reply_to":2,"type":"broadcast_ok"}}
2023/03/16 00:13:42 Received {c49 n0 {"type":"read","msg_id":3}}
2023/03/16 00:13:42 Sent {"src":"n0","dest":"c49","body":{"ids":[0,1,2,3,4,5,6,7,8,9,10,11,12,13,14,15,16,17,18,19,20,21,22,23,24,25,26,27,28,29,30,31,32,33,34,35,36,37,38,39,40,41,42,43,44,45,46,47,48],"in_reply_to":3,"type":"read_ok"}}
2023/03/16 00:13:42 Received {c50 n0 {"type":"broadcast","message":49,"msg_id":1}}
2023/03/16 00:13:42 Sent {"src":"n0","dest":"c50","body":{"in_reply_to":1,"type":"broadcast_ok"}}
2023/03/16 00:13:42 Received {c50 n0 {"type":"read","msg_id":2}}
2023/03/16 00:13:42 Sent {"src":"n0","dest":"c50","body":{"ids":[0,1,2,3,4,5,6,7,8,9,10,11,12,13,14,15,16,17,18,19,20,21,22,23,24,25,26,27,28,29,30,31,32,33,34,35,36,37,38,39,40,41,42,43,44,45,46,47,48,49],"in_reply_to":2,"type":"read_ok"}}
2023/03/16 00:13:42 Received {c51 n0 {"type":"broadcast","message":50,"msg_id":1}}
2023/03/16 00:13:42 Sent {"src":"n0","dest":"c51","body":{"in_reply_to":1,"type":"broadcast_ok"}}
2023/03/16 00:13:42 Received {c51 n0 {"type":"read","msg_id":2}}
2023/03/16 00:13:42 Sent {"src":"n0","dest":"c51","body":{"ids":[0,1,2,3,4,5,6,7,8,9,10,11,12,13,14,15,16,17,18,19,20,21,22,23,24,25,26,27,28,29,30,31,32,33,34,35,36,37,38,39,40,41,42,43,44,45,46,47,48,49,50],"in_reply_to":2,"type":"read_ok"}}
2023/03/16 00:13:43 Received {c52 n0 {"type":"read","msg_id":1}}
2023/03/16 00:13:43 Sent {"src":"n0","dest":"c52","body":{"ids":[0,1,2,3,4,5,6,7,8,9,10,11,12,13,14,15,16,17,18,19,20,21,22,23,24,25,26,27,28,29,30,31,32,33,34,35,36,37,38,39,40,41,42,43,44,45,46,47,48,49,50],"in_reply_to":1,"type":"read_ok"}}
2023/03/16 00:13:43 Received {c53 n0 {"type":"broadcast","message":51,"msg_id":1}}
2023/03/16 00:13:43 Sent {"src":"n0","dest":"c53","body":{"in_reply_to":1,"type":"broadcast_ok"}}
2023/03/16 00:13:43 Received {c53 n0 {"type":"broadcast","message":52,"msg_id":2}}
2023/03/16 00:13:43 Sent {"src":"n0","dest":"c53","body":{"in_reply_to":2,"type":"broadcast_ok"}}
2023/03/16 00:13:43 Received {c53 n0 {"type":"read","msg_id":3}}
2023/03/16 00:13:43 Sent {"src":"n0","dest":"c53","body":{"ids":[0,1,2,3,4,5,6,7,8,9,10,11,12,13,14,15,16,17,18,19,20,21,22,23,24,25,26,27,28,29,30,31,32,33,34,35,36,37,38,39,40,41,42,43,44,45,46,47,48,49,50,51,52],"in_reply_to":3,"type":"read_ok"}}
2023/03/16 00:13:43 Received {c54 n0 {"type":"read","msg_id":1}}
2023/03/16 00:13:43 Sent {"src":"n0","dest":"c54","body":{"ids":[0,1,2,3,4,5,6,7,8,9,10,11,12,13,14,15,16,17,18,19,20,21,22,23,24,25,26,27,28,29,30,31,32,33,34,35,36,37,38,39,40,41,42,43,44,45,46,47,48,49,50,51,52],"in_reply_to":1,"type":"read_ok"}}
2023/03/16 00:13:43 Received {c55 n0 {"type":"broadcast","message":53,"msg_id":1}}
2023/03/16 00:13:43 Sent {"src":"n0","dest":"c55","body":{"in_reply_to":1,"type":"broadcast_ok"}}
2023/03/16 00:13:43 Received {c55 n0 {"type":"read","msg_id":2}}
2023/03/16 00:13:43 Sent {"src":"n0","dest":"c55","body":{"ids":[0,1,2,3,4,5,6,7,8,9,10,11,12,13,14,15,16,17,18,19,20,21,22,23,24,25,26,27,28,29,30,31,32,33,34,35,36,37,38,39,40,41,42,43,44,45,46,47,48,49,50,51,52,53],"in_reply_to":2,"type":"read_ok"}}
2023/03/16 00:13:43 Received {c56 n0 {"type":"broadcast","message":54,"msg_id":1}}
2023/03/16 00:13:43 Sent {"src":"n0","dest":"c56","body":{"in_reply_to":1,"type":"broadcast_ok"}}
2023/03/16 00:13:44 Received {c56 n0 {"type":"broadcast","message":55,"msg_id":2}}
2023/03/16 00:13:44 Sent {"src":"n0","dest":"c56","body":{"in_reply_to":2,"type":"broadcast_ok"}}
2023/03/16 00:13:44 Received {c56 n0 {"type":"read","msg_id":3}}
2023/03/16 00:13:44 Sent {"src":"n0","dest":"c56","body":{"ids":[0,1,2,3,4,5,6,7,8,9,10,11,12,13,14,15,16,17,18,19,20,21,22,23,24,25,26,27,28,29,30,31,32,33,34,35,36,37,38,39,40,41,42,43,44,45,46,47,48,49,50,51,52,53,54,55],"in_reply_to":3,"type":"read_ok"}}
2023/03/16 00:13:44 Received {c57 n0 {"type":"read","msg_id":1}}
2023/03/16 00:13:44 Sent {"src":"n0","dest":"c57","body":{"ids":[0,1,2,3,4,5,6,7,8,9,10,11,12,13,14,15,16,17,18,19,20,21,22,23,24,25,26,27,28,29,30,31,32,33,34,35,36,37,38,39,40,41,42,43,44,45,46,47,48,49,50,51,52,53,54,55],"in_reply_to":1,"type":"read_ok"}}
2023/03/16 00:13:44 Received {c58 n0 {"type":"read","msg_id":1}}
2023/03/16 00:13:44 Sent {"src":"n0","dest":"c58","body":{"ids":[0,1,2,3,4,5,6,7,8,9,10,11,12,13,14,15,16,17,18,19,20,21,22,23,24,25,26,27,28,29,30,31,32,33,34,35,36,37,38,39,40,41,42,43,44,45,46,47,48,49,50,51,52,53,54,55],"in_reply_to":1,"type":"read_ok"}}
2023/03/16 00:13:44 Received {c59 n0 {"type":"read","msg_id":1}}
2023/03/16 00:13:44 Sent {"src":"n0","dest":"c59","body":{"ids":[0,1,2,3,4,5,6,7,8,9,10,11,12,13,14,15,16,17,18,19,20,21,22,23,24,25,26,27,28,29,30,31,32,33,34,35,36,37,38,39,40,41,42,43,44,45,46,47,48,49,50,51,52,53,54,55],"in_reply_to":1,"type":"read_ok"}}
2023/03/16 00:13:44 Received {c60 n0 {"type":"broadcast","message":56,"msg_id":1}}
2023/03/16 00:13:44 Sent {"src":"n0","dest":"c60","body":{"in_reply_to":1,"type":"broadcast_ok"}}
2023/03/16 00:13:44 Received {c60 n0 {"type":"read","msg_id":2}}
2023/03/16 00:13:44 Sent {"src":"n0","dest":"c60","body":{"ids":[0,1,2,3,4,5,6,7,8,9,10,11,12,13,14,15,16,17,18,19,20,21,22,23,24,25,26,27,28,29,30,31,32,33,34,35,36,37,38,39,40,41,42,43,44,45,46,47,48,49,50,51,52,53,54,55,56],"in_reply_to":2,"type":"read_ok"}}
2023/03/16 00:13:44 Received {c61 n0 {"type":"read","msg_id":1}}
2023/03/16 00:13:44 Sent {"src":"n0","dest":"c61","body":{"ids":[0,1,2,3,4,5,6,7,8,9,10,11,12,13,14,15,16,17,18,19,20,21,22,23,24,25,26,27,28,29,30,31,32,33,34,35,36,37,38,39,40,41,42,43,44,45,46,47,48,49,50,51,52,53,54,55,56],"in_reply_to":1,"type":"read_ok"}}
2023/03/16 00:13:45 Received {c62 n0 {"type":"broadcast","message":57,"msg_id":1}}
2023/03/16 00:13:45 Sent {"src":"n0","dest":"c62","body":{"in_reply_to":1,"type":"broadcast_ok"}}
2023/03/16 00:13:45 Received {c62 n0 {"type":"read","msg_id":2}}
2023/03/16 00:13:45 Sent {"src":"n0","dest":"c62","body":{"ids":[0,1,2,3,4,5,6,7,8,9,10,11,12,13,14,15,16,17,18,19,20,21,22,23,24,25,26,27,28,29,30,31,32,33,34,35,36,37,38,39,40,41,42,43,44,45,46,47,48,49,50,51,52,53,54,55,56,57],"in_reply_to":2,"type":"read_ok"}}
2023/03/16 00:13:45 Received {c63 n0 {"type":"broadcast","message":58,"msg_id":1}}
2023/03/16 00:13:45 Sent {"src":"n0","dest":"c63","body":{"in_reply_to":1,"type":"broadcast_ok"}}
2023/03/16 00:13:45 Received {c63 n0 {"type":"broadcast","message":59,"msg_id":2}}
2023/03/16 00:13:45 Sent {"src":"n0","dest":"c63","body":{"in_reply_to":2,"type":"broadcast_ok"}}
2023/03/16 00:13:45 Received {c63 n0 {"type":"broadcast","message":60,"msg_id":3}}
2023/03/16 00:13:45 Sent {"src":"n0","dest":"c63","body":{"in_reply_to":3,"type":"broadcast_ok"}}
2023/03/16 00:13:45 Received {c63 n0 {"type":"broadcast","message":61,"msg_id":4}}
2023/03/16 00:13:45 Sent {"src":"n0","dest":"c63","body":{"in_reply_to":4,"type":"broadcast_ok"}}
2023/03/16 00:13:45 Received {c63 n0 {"type":"broadcast","message":62,"msg_id":5}}
2023/03/16 00:13:45 Sent {"src":"n0","dest":"c63","body":{"in_reply_to":5,"type":"broadcast_ok"}}
2023/03/16 00:13:46 Received {c63 n0 {"type":"broadcast","message":63,"msg_id":6}}
2023/03/16 00:13:46 Sent {"src":"n0","dest":"c63","body":{"in_reply_to":6,"type":"broadcast_ok"}}
2023/03/16 00:13:46 Received {c63 n0 {"type":"read","msg_id":7}}
2023/03/16 00:13:46 Sent {"src":"n0","dest":"c63","body":{"ids":[0,1,2,3,4,5,6,7,8,9,10,11,12,13,14,15,16,17,18,19,20,21,22,23,24,25,26,27,28,29,30,31,32,33,34,35,36,37,38,39,40,41,42,43,44,45,46,47,48,49,50,51,52,53,54,55,56,57,58,59,60,61,62,63],"in_reply_to":7,"type":"read_ok"}}
2023/03/16 00:13:46 Received {c64 n0 {"type":"read","msg_id":1}}
2023/03/16 00:13:46 Sent {"src":"n0","dest":"c64","body":{"ids":[0,1,2,3,4,5,6,7,8,9,10,11,12,13,14,15,16,17,18,19,20,21,22,23,24,25,26,27,28,29,30,31,32,33,34,35,36,37,38,39,40,41,42,43,44,45,46,47,48,49,50,51,52,53,54,55,56,57,58,59,60,61,62,63],"in_reply_to":1,"type":"read_ok"}}
2023/03/16 00:13:46 Received {c65 n0 {"type":"broadcast","message":64,"msg_id":1}}
2023/03/16 00:13:46 Sent {"src":"n0","dest":"c65","body":{"in_reply_to":1,"type":"broadcast_ok"}}
2023/03/16 00:13:46 Received {c65 n0 {"type":"broadcast","message":65,"msg_id":2}}
2023/03/16 00:13:46 Sent {"src":"n0","dest":"c65","body":{"in_reply_to":2,"type":"broadcast_ok"}}
2023/03/16 00:13:46 Received {c65 n0 {"type":"broadcast","message":66,"msg_id":3}}
2023/03/16 00:13:46 Sent {"src":"n0","dest":"c65","body":{"in_reply_to":3,"type":"broadcast_ok"}}
2023/03/16 00:13:46 Received {c65 n0 {"type":"broadcast","message":67,"msg_id":4}}
2023/03/16 00:13:46 Sent {"src":"n0","dest":"c65","body":{"in_reply_to":4,"type":"broadcast_ok"}}
2023/03/16 00:13:46 Received {c65 n0 {"type":"read","msg_id":5}}
2023/03/16 00:13:46 Sent {"src":"n0","dest":"c65","body":{"ids":[0,1,2,3,4,5,6,7,8,9,10,11,12,13,14,15,16,17,18,19,20,21,22,23,24,25,26,27,28,29,30,31,32,33,34,35,36,37,38,39,40,41,42,43,44,45,46,47,48,49,50,51,52,53,54,55,56,57,58,59,60,61,62,63,64,65,66,67],"in_reply_to":5,"type":"read_ok"}}
2023/03/16 00:13:47 Received {c66 n0 {"type":"read","msg_id":1}}
2023/03/16 00:13:47 Sent {"src":"n0","dest":"c66","body":{"ids":[0,1,2,3,4,5,6,7,8,9,10,11,12,13,14,15,16,17,18,19,20,21,22,23,24,25,26,27,28,29,30,31,32,33,34,35,36,37,38,39,40,41,42,43,44,45,46,47,48,49,50,51,52,53,54,55,56,57,58,59,60,61,62,63,64,65,66,67],"in_reply_to":1,"type":"read_ok"}}
2023/03/16 00:13:47 Received {c67 n0 {"type":"read","msg_id":1}}
2023/03/16 00:13:47 Sent {"src":"n0","dest":"c67","body":{"ids":[0,1,2,3,4,5,6,7,8,9,10,11,12,13,14,15,16,17,18,19,20,21,22,23,24,25,26,27,28,29,30,31,32,33,34,35,36,37,38,39,40,41,42,43,44,45,46,47,48,49,50,51,52,53,54,55,56,57,58,59,60,61,62,63,64,65,66,67],"in_reply_to":1,"type":"read_ok"}}
2023/03/16 00:13:47 Received {c68 n0 {"type":"read","msg_id":1}}
2023/03/16 00:13:47 Sent {"src":"n0","dest":"c68","body":{"ids":[0,1,2,3,4,5,6,7,8,9,10,11,12,13,14,15,16,17,18,19,20,21,22,23,24,25,26,27,28,29,30,31,32,33,34,35,36,37,38,39,40,41,42,43,44,45,46,47,48,49,50,51,52,53,54,55,56,57,58,59,60,61,62,63,64,65,66,67],"in_reply_to":1,"type":"read_ok"}}
2023/03/16 00:13:47 Received {c69 n0 {"type":"broadcast","message":68,"msg_id":1}}
2023/03/16 00:13:47 Sent {"src":"n0","dest":"c69","body":{"in_reply_to":1,"type":"broadcast_ok"}}
2023/03/16 00:13:47 Received {c69 n0 {"type":"broadcast","message":69,"msg_id":2}}
2023/03/16 00:13:47 Sent {"src":"n0","dest":"c69","body":{"in_reply_to":2,"type":"broadcast_ok"}}
2023/03/16 00:13:47 Received {c69 n0 {"type":"broadcast","message":70,"msg_id":3}}
2023/03/16 00:13:47 Sent {"src":"n0","dest":"c69","body":{"in_reply_to":3,"type":"broadcast_ok"}}
2023/03/16 00:13:47 Received {c69 n0 {"type":"read","msg_id":4}}
2023/03/16 00:13:47 Sent {"src":"n0","dest":"c69","body":{"ids":[0,1,2,3,4,5,6,7,8,9,10,11,12,13,14,15,16,17,18,19,20,21,22,23,24,25,26,27,28,29,30,31,32,33,34,35,36,37,38,39,40,41,42,43,44,45,46,47,48,49,50,51,52,53,54,55,56,57,58,59,60,61,62,63,64,65,66,67,68,69,70],"in_reply_to":4,"type":"read_ok"}}
2023/03/16 00:13:47 Received {c70 n0 {"type":"broadcast","message":71,"msg_id":1}}
2023/03/16 00:13:47 Sent {"src":"n0","dest":"c70","body":{"in_reply_to":1,"type":"broadcast_ok"}}
2023/03/16 00:13:47 Received {c70 n0 {"type":"read","msg_id":2}}
2023/03/16 00:13:47 Sent {"src":"n0","dest":"c70","body":{"ids":[0,1,2,3,4,5,6,7,8,9,10,11,12,13,14,15,16,17,18,19,20,21,22,23,24,25,26,27,28,29,30,31,32,33,34,35,36,37,38,39,40,41,42,43,44,45,46,47,48,49,50,51,52,53,54,55,56,57,58,59,60,61,62,63,64,65,66,67,68,69,70,71],"in_reply_to":2,"type":"read_ok"}}
2023/03/16 00:13:47 Received {c71 n0 {"type":"broadcast","message":72,"msg_id":1}}
2023/03/16 00:13:47 Sent {"src":"n0","dest":"c71","body":{"in_reply_to":1,"type":"broadcast_ok"}}
2023/03/16 00:13:47 Received {c71 n0 {"type":"broadcast","message":73,"msg_id":2}}
2023/03/16 00:13:47 Sent {"src":"n0","dest":"c71","body":{"in_reply_to":2,"type":"broadcast_ok"}}
2023/03/16 00:13:47 Received {c71 n0 {"type":"broadcast","message":74,"msg_id":3}}
2023/03/16 00:13:47 Sent {"src":"n0","dest":"c71","body":{"in_reply_to":3,"type":"broadcast_ok"}}
2023/03/16 00:13:48 Received {c71 n0 {"type":"broadcast","message":75,"msg_id":4}}
2023/03/16 00:13:48 Sent {"src":"n0","dest":"c71","body":{"in_reply_to":4,"type":"broadcast_ok"}}
